[2020-01-21 16:44:17.014] [renderer1] [error] Unable to read file (EntryNotFound (FileSystemError)): Error: Unable to read file (EntryNotFound (FileSystemError))
    at _.doReadAsFileStream (file:///usr/share/code/resources/app/out/vs/workbench/workbench.desktop.main.js:1591:434)
    at processTicksAndRejections (internal/process/task_queues.js:89:5)
[2020-01-21 16:47:06.156] [renderer1] [error] Unable to read file (EntryNotFound (FileSystemError)): Error: Unable to read file (EntryNotFound (FileSystemError))
    at _.doReadAsFileStream (file:///usr/share/code/resources/app/out/vs/workbench/workbench.desktop.main.js:1591:434)
    at processTicksAndRejections (internal/process/task_queues.js:89:5)
[2020-01-21 16:47:08.220] [renderer1] [error] Unable to read file (EntryNotFound (FileSystemError)): Error: Unable to read file (EntryNotFound (FileSystemError))
    at _.doReadAsFileStream (file:///usr/share/code/resources/app/out/vs/workbench/workbench.desktop.main.js:1591:434)
    at processTicksAndRejections (internal/process/task_queues.js:89:5)
[2020-01-21 16:47:11.295] [renderer1] [error] Unable to read file (EntryNotFound (FileSystemError)): Error: Unable to read file (EntryNotFound (FileSystemError))
    at _.doReadAsFileStream (file:///usr/share/code/resources/app/out/vs/workbench/workbench.desktop.main.js:1591:434)
    at processTicksAndRejections (internal/process/task_queues.js:89:5)
[2020-01-21 16:47:13.564] [renderer1] [error] Unable to read file (EntryNotFound (FileSystemError)): Error: Unable to read file (EntryNotFound (FileSystemError))
    at _.doReadAsFileStream (file:///usr/share/code/resources/app/out/vs/workbench/workbench.desktop.main.js:1591:434)
    at processTicksAndRejections (internal/process/task_queues.js:89:5)
[2020-01-21 16:47:14.764] [renderer1] [error] Unable to read file (EntryNotFound (FileSystemError)): Error: Unable to read file (EntryNotFound (FileSystemError))
    at _.doReadAsFileStream (file:///usr/share/code/resources/app/out/vs/workbench/workbench.desktop.main.js:1591:434)
    at processTicksAndRejections (internal/process/task_queues.js:89:5)
[2020-01-21 16:47:15.939] [renderer1] [error] Unable to read file (EntryNotFound (FileSystemError)): Error: Unable to read file (EntryNotFound (FileSystemError))
    at _.doReadAsFileStream (file:///usr/share/code/resources/app/out/vs/workbench/workbench.desktop.main.js:1591:434)
    at processTicksAndRejections (internal/process/task_queues.js:89:5)
[2020-01-21 16:47:17.145] [renderer1] [error] Unable to read file (EntryNotFound (FileSystemError)): Error: Unable to read file (EntryNotFound (FileSystemError))
    at _.doReadAsFileStream (file:///usr/share/code/resources/app/out/vs/workbench/workbench.desktop.main.js:1591:434)
    at processTicksAndRejections (internal/process/task_queues.js:89:5)
[2020-01-21 16:47:19.189] [renderer1] [error] Unable to read file (EntryNotFound (FileSystemError)): Error: Unable to read file (EntryNotFound (FileSystemError))
    at _.doReadAsFileStream (file:///usr/share/code/resources/app/out/vs/workbench/workbench.desktop.main.js:1591:434)
    at processTicksAndRejections (internal/process/task_queues.js:89:5)
[2020-01-21 16:47:20.408] [renderer1] [error] Unable to read file (EntryNotFound (FileSystemError)): Error: Unable to read file (EntryNotFound (FileSystemError))
    at _.doReadAsFileStream (file:///usr/share/code/resources/app/out/vs/workbench/workbench.desktop.main.js:1591:434)
    at processTicksAndRejections (internal/process/task_queues.js:89:5)
[2020-01-21 16:47:21.664] [renderer1] [error] Unable to read file (EntryNotFound (FileSystemError)): Error: Unable to read file (EntryNotFound (FileSystemError))
    at _.doReadAsFileStream (file:///usr/share/code/resources/app/out/vs/workbench/workbench.desktop.main.js:1591:434)
    at processTicksAndRejections (internal/process/task_queues.js:89:5)
[2020-01-21 16:47:28.640] [renderer1] [error] Unable to read file (EntryNotFound (FileSystemError)): Error: Unable to read file (EntryNotFound (FileSystemError))
    at _.doReadAsFileStream (file:///usr/share/code/resources/app/out/vs/workbench/workbench.desktop.main.js:1591:434)
    at processTicksAndRejections (internal/process/task_queues.js:89:5)
[2020-01-21 16:47:33.139] [renderer1] [error] Unable to read file (EntryNotFound (FileSystemError)): Error: Unable to read file (EntryNotFound (FileSystemError))
    at _.doReadAsFileStream (file:///usr/share/code/resources/app/out/vs/workbench/workbench.desktop.main.js:1591:434)
    at processTicksAndRejections (internal/process/task_queues.js:89:5)
[2020-01-21 16:47:37.485] [renderer1] [error] Unable to read file (EntryNotFound (FileSystemError)): Error: Unable to read file (EntryNotFound (FileSystemError))
    at _.doReadAsFileStream (file:///usr/share/code/resources/app/out/vs/workbench/workbench.desktop.main.js:1591:434)
    at processTicksAndRejections (internal/process/task_queues.js:89:5)
[2020-01-21 16:47:41.740] [renderer1] [error] Unable to read file (EntryNotFound (FileSystemError)): Error: Unable to read file (EntryNotFound (FileSystemError))
    at _.doReadAsFileStream (file:///usr/share/code/resources/app/out/vs/workbench/workbench.desktop.main.js:1591:434)
    at processTicksAndRejections (internal/process/task_queues.js:89:5)
[2020-01-21 16:48:07.677] [renderer1] [error] Unable to read file (EntryNotFound (FileSystemError)): Error: Unable to read file (EntryNotFound (FileSystemError))
    at _.doReadAsFileStream (file:///usr/share/code/resources/app/out/vs/workbench/workbench.desktop.main.js:1591:434)
    at processTicksAndRejections (internal/process/task_queues.js:89:5)
[2020-01-21 16:55:05.117] [renderer1] [error] Unable to read file (EntryNotFound (FileSystemError)): Error: Unable to read file (EntryNotFound (FileSystemError))
    at _.doReadAsFileStream (file:///usr/share/code/resources/app/out/vs/workbench/workbench.desktop.main.js:1591:434)
    at processTicksAndRejections (internal/process/task_queues.js:89:5)
[2020-01-21 16:55:07.134] [renderer1] [error] Unable to read file (EntryNotFound (FileSystemError)): Error: Unable to read file (EntryNotFound (FileSystemError))
    at _.doReadAsFileStream (file:///usr/share/code/resources/app/out/vs/workbench/workbench.desktop.main.js:1591:434)
    at processTicksAndRejections (internal/process/task_queues.js:89:5)
[2020-01-21 16:55:08.442] [renderer1] [error] Unable to read file (EntryNotFound (FileSystemError)): Error: Unable to read file (EntryNotFound (FileSystemError))
    at _.doReadAsFileStream (file:///usr/share/code/resources/app/out/vs/workbench/workbench.desktop.main.js:1591:434)
    at processTicksAndRejections (internal/process/task_queues.js:89:5)
[2020-01-21 16:55:10.030] [renderer1] [error] Unable to read file (EntryNotFound (FileSystemError)): Error: Unable to read file (EntryNotFound (FileSystemError))
    at _.doReadAsFileStream (file:///usr/share/code/resources/app/out/vs/workbench/workbench.desktop.main.js:1591:434)
    at processTicksAndRejections (internal/process/task_queues.js:89:5)
[2020-01-21 16:55:11.333] [renderer1] [error] Unable to read file (EntryNotFound (FileSystemError)): Error: Unable to read file (EntryNotFound (FileSystemError))
    at _.doReadAsFileStream (file:///usr/share/code/resources/app/out/vs/workbench/workbench.desktop.main.js:1591:434)
    at processTicksAndRejections (internal/process/task_queues.js:89:5)
[2020-01-21 16:55:12.733] [renderer1] [error] Unable to read file (EntryNotFound (FileSystemError)): Error: Unable to read file (EntryNotFound (FileSystemError))
    at _.doReadAsFileStream (file:///usr/share/code/resources/app/out/vs/workbench/workbench.desktop.main.js:1591:434)
    at processTicksAndRejections (internal/process/task_queues.js:89:5)
[2020-01-21 16:55:13.744] [renderer1] [error] Unable to read file (EntryNotFound (FileSystemError)): Error: Unable to read file (EntryNotFound (FileSystemError))
    at _.doReadAsFileStream (file:///usr/share/code/resources/app/out/vs/workbench/workbench.desktop.main.js:1591:434)
    at processTicksAndRejections (internal/process/task_queues.js:89:5)
[2020-01-21 16:55:15.161] [renderer1] [error] Unable to read file (EntryNotFound (FileSystemError)): Error: Unable to read file (EntryNotFound (FileSystemError))
    at _.doReadAsFileStream (file:///usr/share/code/resources/app/out/vs/workbench/workbench.desktop.main.js:1591:434)
    at processTicksAndRejections (internal/process/task_queues.js:89:5)
[2020-01-21 16:55:16.217] [renderer1] [error] Unable to read file (EntryNotFound (FileSystemError)): Error: Unable to read file (EntryNotFound (FileSystemError))
    at _.doReadAsFileStream (file:///usr/share/code/resources/app/out/vs/workbench/workbench.desktop.main.js:1591:434)
    at processTicksAndRejections (internal/process/task_queues.js:89:5)
[2020-01-21 16:55:25.910] [renderer1] [error] Unable to read file (EntryNotFound (FileSystemError)): Error: Unable to read file (EntryNotFound (FileSystemError))
    at _.doReadAsFileStream (file:///usr/share/code/resources/app/out/vs/workbench/workbench.desktop.main.js:1591:434)
    at processTicksAndRejections (internal/process/task_queues.js:89:5)
[2020-01-21 16:55:27.890] [renderer1] [error] Unable to read file (EntryNotFound (FileSystemError)): Error: Unable to read file (EntryNotFound (FileSystemError))
    at _.doReadAsFileStream (file:///usr/share/code/resources/app/out/vs/workbench/workbench.desktop.main.js:1591:434)
    at processTicksAndRejections (internal/process/task_queues.js:89:5)
[2020-01-21 16:55:29.481] [renderer1] [error] Unable to read file (EntryNotFound (FileSystemError)): Error: Unable to read file (EntryNotFound (FileSystemError))
    at _.doReadAsFileStream (file:///usr/share/code/resources/app/out/vs/workbench/workbench.desktop.main.js:1591:434)
    at processTicksAndRejections (internal/process/task_queues.js:89:5)
[2020-01-21 16:55:59.980] [renderer1] [error] doSave(75) - exit - resulted in a save error: Error: Unable to write file (NoPermissions (FileSystemError): Error: EACCES: permission denied, open '/root/dashboard/diffbot_dashboard/webpack/js/custom_api.js') {"$mid":1,"fsPath":"/root/dashboard/diffbot_dashboard/webpack/js/custom_api.js","external":"file:///root/dashboard/diffbot_dashboard/webpack/js/custom_api.js","path":"/root/dashboard/diffbot_dashboard/webpack/js/custom_api.js","scheme":"file"}
[2020-01-21 16:57:26.493] [renderer1] [error] Unable to read file (EntryNotFound (FileSystemError)): Error: Unable to read file (EntryNotFound (FileSystemError))
    at _.doReadAsFileStream (file:///usr/share/code/resources/app/out/vs/workbench/workbench.desktop.main.js:1591:434)
    at processTicksAndRejections (internal/process/task_queues.js:89:5)
[2020-01-21 16:57:31.223] [renderer1] [error] Unable to read file (EntryNotFound (FileSystemError)): Error: Unable to read file (EntryNotFound (FileSystemError))
    at _.doReadAsFileStream (file:///usr/share/code/resources/app/out/vs/workbench/workbench.desktop.main.js:1591:434)
    at processTicksAndRejections (internal/process/task_queues.js:89:5)
[2020-01-21 16:57:31.869] [renderer1] [error] doSave(77) - exit - resulted in a save error: Error: Unable to write file (NoPermissions (FileSystemError): Error: EACCES: permission denied, open '/root/dashboard/diffbot_dashboard/webpack/js/custom_api.js') {"$mid":1,"fsPath":"/root/dashboard/diffbot_dashboard/webpack/js/custom_api.js","external":"file:///root/dashboard/diffbot_dashboard/webpack/js/custom_api.js","path":"/root/dashboard/diffbot_dashboard/webpack/js/custom_api.js","scheme":"file"}
[2020-01-21 17:23:17.046] [renderer1] [error] Unable to read file (EntryNotFound (FileSystemError)): Error: Unable to read file (EntryNotFound (FileSystemError))
    at _.doReadAsFileStream (file:///usr/share/code/resources/app/out/vs/workbench/workbench.desktop.main.js:1591:434)
    at processTicksAndRejections (internal/process/task_queues.js:89:5)
[2020-01-21 17:23:18.057] [renderer1] [error] Unable to read file (EntryNotFound (FileSystemError)): Error: Unable to read file (EntryNotFound (FileSystemError))
    at _.doReadAsFileStream (file:///usr/share/code/resources/app/out/vs/workbench/workbench.desktop.main.js:1591:434)
    at processTicksAndRejections (internal/process/task_queues.js:89:5)
[2020-01-21 17:23:19.455] [renderer1] [error] Unable to read file (EntryNotFound (FileSystemError)): Error: Unable to read file (EntryNotFound (FileSystemError))
    at _.doReadAsFileStream (file:///usr/share/code/resources/app/out/vs/workbench/workbench.desktop.main.js:1591:434)
    at processTicksAndRejections (internal/process/task_queues.js:89:5)
[2020-01-21 17:23:23.189] [renderer1] [error] doSave(80) - exit - resulted in a save error: Error: Unable to write file (NoPermissions (FileSystemError): Error: EACCES: permission denied, open '/root/dashboard/diffbot_dashboard/webpack/js/custom_api.js') {"$mid":1,"fsPath":"/root/dashboard/diffbot_dashboard/webpack/js/custom_api.js","external":"file:///root/dashboard/diffbot_dashboard/webpack/js/custom_api.js","path":"/root/dashboard/diffbot_dashboard/webpack/js/custom_api.js","scheme":"file"}
[2020-01-21 18:10:13.717] [renderer1] [error] Unable to read file (EntryNotFound (FileSystemError)): Error: Unable to read file (EntryNotFound (FileSystemError))
    at _.doReadAsFileStream (file:///usr/share/code/resources/app/out/vs/workbench/workbench.desktop.main.js:1591:434)
    at runMicrotasks (<anonymous>)
    at processTicksAndRejections (internal/process/task_queues.js:89:5)
[2020-01-22 13:21:15.725] [renderer1] [error] Unable to read file (EntryNotFound (FileSystemError)): Error: Unable to read file (EntryNotFound (FileSystemError))
    at _.doReadAsFileStream (file:///usr/share/code/resources/app/out/vs/workbench/workbench.desktop.main.js:1591:434)
    at runMicrotasks (<anonymous>)
    at processTicksAndRejections (internal/process/task_queues.js:89:5)
[2020-01-22 13:21:24.490] [renderer1] [error] Unable to read file (EntryNotFound (FileSystemError)): Error: Unable to read file (EntryNotFound (FileSystemError))
    at _.doReadAsFileStream (file:///usr/share/code/resources/app/out/vs/workbench/workbench.desktop.main.js:1591:434)
    at runMicrotasks (<anonymous>)
    at processTicksAndRejections (internal/process/task_queues.js:89:5)
[2020-01-22 13:21:47.607] [renderer1] [error] Unable to read file (EntryNotFound (FileSystemError)): Error: Unable to read file (EntryNotFound (FileSystemError))
    at _.doReadAsFileStream (file:///usr/share/code/resources/app/out/vs/workbench/workbench.desktop.main.js:1591:434)
    at runMicrotasks (<anonymous>)
    at processTicksAndRejections (internal/process/task_queues.js:89:5)
[2020-01-22 13:21:53.159] [renderer1] [error] Unable to read file (EntryNotFound (FileSystemError)): Error: Unable to read file (EntryNotFound (FileSystemError))
    at _.doReadAsFileStream (file:///usr/share/code/resources/app/out/vs/workbench/workbench.desktop.main.js:1591:434)
    at runMicrotasks (<anonymous>)
    at processTicksAndRejections (internal/process/task_queues.js:89:5)
[2020-01-22 13:21:57.995] [renderer1] [error] Unable to read file (EntryNotFound (FileSystemError)): Error: Unable to read file (EntryNotFound (FileSystemError))
    at _.doReadAsFileStream (file:///usr/share/code/resources/app/out/vs/workbench/workbench.desktop.main.js:1591:434)
    at runMicrotasks (<anonymous>)
    at processTicksAndRejections (internal/process/task_queues.js:89:5)
[2020-01-22 13:22:02.552] [renderer1] [error] Unable to read file (EntryNotFound (FileSystemError)): Error: Unable to read file (EntryNotFound (FileSystemError))
    at _.doReadAsFileStream (file:///usr/share/code/resources/app/out/vs/workbench/workbench.desktop.main.js:1591:434)
    at runMicrotasks (<anonymous>)
    at processTicksAndRejections (internal/process/task_queues.js:89:5)
[2020-01-22 13:22:06.377] [renderer1] [error] Unable to read file (EntryNotFound (FileSystemError)): Error: Unable to read file (EntryNotFound (FileSystemError))
    at _.doReadAsFileStream (file:///usr/share/code/resources/app/out/vs/workbench/workbench.desktop.main.js:1591:434)
    at runMicrotasks (<anonymous>)
    at processTicksAndRejections (internal/process/task_queues.js:89:5)
[2020-01-22 13:22:12.273] [renderer1] [error] Unable to read file (EntryNotFound (FileSystemError)): Error: Unable to read file (EntryNotFound (FileSystemError))
    at _.doReadAsFileStream (file:///usr/share/code/resources/app/out/vs/workbench/workbench.desktop.main.js:1591:434)
    at runMicrotasks (<anonymous>)
    at processTicksAndRejections (internal/process/task_queues.js:89:5)
[2020-01-22 13:22:17.941] [renderer1] [error] Unable to read file (EntryNotFound (FileSystemError)): Error: Unable to read file (EntryNotFound (FileSystemError))
    at _.doReadAsFileStream (file:///usr/share/code/resources/app/out/vs/workbench/workbench.desktop.main.js:1591:434)
    at runMicrotasks (<anonymous>)
    at processTicksAndRejections (internal/process/task_queues.js:89:5)
[2020-01-22 13:22:29.854] [renderer1] [error] Unable to read file (EntryNotFound (FileSystemError)): Error: Unable to read file (EntryNotFound (FileSystemError))
    at _.doReadAsFileStream (file:///usr/share/code/resources/app/out/vs/workbench/workbench.desktop.main.js:1591:434)
    at runMicrotasks (<anonymous>)
    at processTicksAndRejections (internal/process/task_queues.js:89:5)
[2020-01-22 13:23:35.298] [renderer1] [error] Unable to read file (EntryNotFound (FileSystemError)): Error: Unable to read file (EntryNotFound (FileSystemError))
    at _.doReadAsFileStream (file:///usr/share/code/resources/app/out/vs/workbench/workbench.desktop.main.js:1591:434)
    at runMicrotasks (<anonymous>)
    at processTicksAndRejections (internal/process/task_queues.js:89:5)
[2020-01-22 13:23:41.266] [renderer1] [error] Unable to read file (EntryNotFound (FileSystemError)): Error: Unable to read file (EntryNotFound (FileSystemError))
    at _.doReadAsFileStream (file:///usr/share/code/resources/app/out/vs/workbench/workbench.desktop.main.js:1591:434)
    at runMicrotasks (<anonymous>)
    at processTicksAndRejections (internal/process/task_queues.js:89:5)
[2020-01-22 14:30:43.040] [renderer1] [error] Unable to read file (EntryNotFound (FileSystemError)): Error: Unable to read file (EntryNotFound (FileSystemError))
    at _.doReadAsFileStream (file:///usr/share/code/resources/app/out/vs/workbench/workbench.desktop.main.js:1591:434)
    at processTicksAndRejections (internal/process/task_queues.js:89:5)
[2020-01-22 14:31:04.509] [renderer1] [error] Unable to read file (EntryNotFound (FileSystemError)): Error: Unable to read file (EntryNotFound (FileSystemError))
    at _.doReadAsFileStream (file:///usr/share/code/resources/app/out/vs/workbench/workbench.desktop.main.js:1591:434)
    at processTicksAndRejections (internal/process/task_queues.js:89:5)
[2020-01-22 14:46:49.352] [renderer1] [error] Unable to read file (EntryNotFound (FileSystemError)): Error: Unable to read file (EntryNotFound (FileSystemError))
    at _.doReadAsFileStream (file:///usr/share/code/resources/app/out/vs/workbench/workbench.desktop.main.js:1591:434)
    at processTicksAndRejections (internal/process/task_queues.js:89:5)
[2020-01-22 14:47:38.245] [renderer1] [error] Unable to read file (EntryNotFound (FileSystemError)): Error: Unable to read file (EntryNotFound (FileSystemError))
    at _.doReadAsFileStream (file:///usr/share/code/resources/app/out/vs/workbench/workbench.desktop.main.js:1591:434)
    at processTicksAndRejections (internal/process/task_queues.js:89:5)
[2020-01-22 14:48:45.339] [renderer1] [error] Unable to read file (EntryNotFound (FileSystemError)): Error: Unable to read file (EntryNotFound (FileSystemError))
    at _.doReadAsFileStream (file:///usr/share/code/resources/app/out/vs/workbench/workbench.desktop.main.js:1591:434)
    at processTicksAndRejections (internal/process/task_queues.js:89:5)
[2020-01-22 14:48:49.800] [renderer1] [error] Unable to read file (EntryNotFound (FileSystemError)): Error: Unable to read file (EntryNotFound (FileSystemError))
    at _.doReadAsFileStream (file:///usr/share/code/resources/app/out/vs/workbench/workbench.desktop.main.js:1591:434)
    at processTicksAndRejections (internal/process/task_queues.js:89:5)
[2020-01-22 14:48:59.227] [renderer1] [error] Unable to read file (EntryNotFound (FileSystemError)): Error: Unable to read file (EntryNotFound (FileSystemError))
    at _.doReadAsFileStream (file:///usr/share/code/resources/app/out/vs/workbench/workbench.desktop.main.js:1591:434)
    at processTicksAndRejections (internal/process/task_queues.js:89:5)
[2020-01-22 14:49:01.867] [renderer1] [error] Unable to read file (EntryNotFound (FileSystemError)): Error: Unable to read file (EntryNotFound (FileSystemError))
    at _.doReadAsFileStream (file:///usr/share/code/resources/app/out/vs/workbench/workbench.desktop.main.js:1591:434)
    at processTicksAndRejections (internal/process/task_queues.js:89:5)
[2020-01-22 14:49:04.810] [renderer1] [error] doSave(4) - exit - resulted in a save error: Error: Unable to write file (NoPermissions (FileSystemError): Error: EACCES: permission denied, open '/root/slack/roles/sales-overage-calculator/files/var/www/cgi-bin/sales-overage-calculator') {"$mid":1,"fsPath":"/root/slack/roles/sales-overage-calculator/files/var/www/cgi-bin/sales-overage-calculator","external":"file:///root/slack/roles/sales-overage-calculator/files/var/www/cgi-bin/sales-overage-calculator","path":"/root/slack/roles/sales-overage-calculator/files/var/www/cgi-bin/sales-overage-calculator","scheme":"file"}
[2020-01-22 15:02:59.002] [renderer1] [error] Unable to read file (EntryNotFound (FileSystemError)): Error: Unable to read file (EntryNotFound (FileSystemError))
    at _.doReadAsFileStream (file:///usr/share/code/resources/app/out/vs/workbench/workbench.desktop.main.js:1591:434)
    at processTicksAndRejections (internal/process/task_queues.js:89:5)
[2020-01-22 15:43:00.174] [renderer1] [error] Unable to read file (EntryNotFound (FileSystemError)): Error: Unable to read file (EntryNotFound (FileSystemError))
    at _.doReadAsFileStream (file:///usr/share/code/resources/app/out/vs/workbench/workbench.desktop.main.js:1591:434)
    at runMicrotasks (<anonymous>)
    at processTicksAndRejections (internal/process/task_queues.js:89:5)
[2020-01-22 15:43:02.271] [renderer1] [error] Unable to read file (EntryNotFound (FileSystemError)): Error: Unable to read file (EntryNotFound (FileSystemError))
    at _.doReadAsFileStream (file:///usr/share/code/resources/app/out/vs/workbench/workbench.desktop.main.js:1591:434)
    at runMicrotasks (<anonymous>)
    at processTicksAndRejections (internal/process/task_queues.js:89:5)
[2020-01-22 15:43:05.633] [renderer1] [error] Unable to read file (EntryNotFound (FileSystemError)): Error: Unable to read file (EntryNotFound (FileSystemError))
    at _.doReadAsFileStream (file:///usr/share/code/resources/app/out/vs/workbench/workbench.desktop.main.js:1591:434)
    at runMicrotasks (<anonymous>)
    at processTicksAndRejections (internal/process/task_queues.js:89:5)
[2020-01-22 16:04:30.130] [renderer1] [error] Unable to read file (EntryNotFound (FileSystemError)): Error: Unable to read file (EntryNotFound (FileSystemError))
    at _.doReadAsFileStream (file:///usr/share/code/resources/app/out/vs/workbench/workbench.desktop.main.js:1591:434)
    at runMicrotasks (<anonymous>)
    at processTicksAndRejections (internal/process/task_queues.js:89:5)
[2020-01-22 16:05:30.241] [renderer1] [error] Unable to read file (EntryNotFound (FileSystemError)): Error: Unable to read file (EntryNotFound (FileSystemError))
    at _.doReadAsFileStream (file:///usr/share/code/resources/app/out/vs/workbench/workbench.desktop.main.js:1591:434)
    at runMicrotasks (<anonymous>)
    at processTicksAndRejections (internal/process/task_queues.js:89:5)
[2020-01-22 16:05:37.452] [renderer1] [error] Unable to read file (EntryNotFound (FileSystemError)): Error: Unable to read file (EntryNotFound (FileSystemError))
    at _.doReadAsFileStream (file:///usr/share/code/resources/app/out/vs/workbench/workbench.desktop.main.js:1591:434)
    at runMicrotasks (<anonymous>)
    at processTicksAndRejections (internal/process/task_queues.js:89:5)
[2020-01-22 16:08:17.246] [renderer1] [error] Unable to read file (EntryNotFound (FileSystemError)): Error: Unable to read file (EntryNotFound (FileSystemError))
    at _.doReadAsFileStream (file:///usr/share/code/resources/app/out/vs/workbench/workbench.desktop.main.js:1591:434)
    at runMicrotasks (<anonymous>)
    at processTicksAndRejections (internal/process/task_queues.js:89:5)
[2020-01-22 16:08:24.075] [renderer1] [error] Unable to read file (EntryNotFound (FileSystemError)): Error: Unable to read file (EntryNotFound (FileSystemError))
    at _.doReadAsFileStream (file:///usr/share/code/resources/app/out/vs/workbench/workbench.desktop.main.js:1591:434)
    at runMicrotasks (<anonymous>)
    at processTicksAndRejections (internal/process/task_queues.js:89:5)
[2020-01-22 16:10:11.299] [renderer1] [error] Unable to read file (EntryNotFound (FileSystemError)): Error: Unable to read file (EntryNotFound (FileSystemError))
    at _.doReadAsFileStream (file:///usr/share/code/resources/app/out/vs/workbench/workbench.desktop.main.js:1591:434)
    at processTicksAndRejections (internal/process/task_queues.js:89:5)
[2020-01-22 16:10:30.433] [renderer1] [error] Unable to read file (EntryNotFound (FileSystemError)): Error: Unable to read file (EntryNotFound (FileSystemError))
    at _.doReadAsFileStream (file:///usr/share/code/resources/app/out/vs/workbench/workbench.desktop.main.js:1591:434)
    at processTicksAndRejections (internal/process/task_queues.js:89:5)
[2020-01-22 16:11:21.674] [renderer1] [error] Unable to read file (EntryNotFound (FileSystemError)): Error: Unable to read file (EntryNotFound (FileSystemError))
    at _.doReadAsFileStream (file:///usr/share/code/resources/app/out/vs/workbench/workbench.desktop.main.js:1591:434)
    at processTicksAndRejections (internal/process/task_queues.js:89:5)
[2020-01-22 16:13:09.835] [renderer1] [error] Unable to read file (EntryNotFound (FileSystemError)): Error: Unable to read file (EntryNotFound (FileSystemError))
    at _.doReadAsFileStream (file:///usr/share/code/resources/app/out/vs/workbench/workbench.desktop.main.js:1591:434)
    at processTicksAndRejections (internal/process/task_queues.js:89:5)
[2020-01-22 16:13:11.491] [renderer1] [error] Unable to read file (EntryNotFound (FileSystemError)): Error: Unable to read file (EntryNotFound (FileSystemError))
    at _.doReadAsFileStream (file:///usr/share/code/resources/app/out/vs/workbench/workbench.desktop.main.js:1591:434)
    at processTicksAndRejections (internal/process/task_queues.js:89:5)
[2020-01-22 16:15:54.448] [renderer1] [error] Unable to read file (EntryNotFound (FileSystemError)): Error: Unable to read file (EntryNotFound (FileSystemError))
    at _.doReadAsFileStream (file:///usr/share/code/resources/app/out/vs/workbench/workbench.desktop.main.js:1591:434)
    at processTicksAndRejections (internal/process/task_queues.js:89:5)
[2020-01-22 16:16:24.508] [renderer1] [error] Unable to read file (EntryNotFound (FileSystemError)): Error: Unable to read file (EntryNotFound (FileSystemError))
    at _.doReadAsFileStream (file:///usr/share/code/resources/app/out/vs/workbench/workbench.desktop.main.js:1591:434)
    at processTicksAndRejections (internal/process/task_queues.js:89:5)
[2020-01-22 16:17:27.507] [renderer1] [error] Unable to read file (EntryNotFound (FileSystemError)): Error: Unable to read file (EntryNotFound (FileSystemError))
    at _.doReadAsFileStream (file:///usr/share/code/resources/app/out/vs/workbench/workbench.desktop.main.js:1591:434)
    at processTicksAndRejections (internal/process/task_queues.js:89:5)
[2020-01-22 16:18:13.046] [renderer1] [error] Unable to read file (EntryNotFound (FileSystemError)): Error: Unable to read file (EntryNotFound (FileSystemError))
    at _.doReadAsFileStream (file:///usr/share/code/resources/app/out/vs/workbench/workbench.desktop.main.js:1591:434)
    at processTicksAndRejections (internal/process/task_queues.js:89:5)
[2020-01-22 16:18:20.421] [renderer1] [error] Unable to read file (EntryNotFound (FileSystemError)): Error: Unable to read file (EntryNotFound (FileSystemError))
    at _.doReadAsFileStream (file:///usr/share/code/resources/app/out/vs/workbench/workbench.desktop.main.js:1591:434)
    at processTicksAndRejections (internal/process/task_queues.js:89:5)
[2020-01-22 16:18:21.962] [renderer1] [error] Unable to read file (EntryNotFound (FileSystemError)): Error: Unable to read file (EntryNotFound (FileSystemError))
    at _.doReadAsFileStream (file:///usr/share/code/resources/app/out/vs/workbench/workbench.desktop.main.js:1591:434)
    at processTicksAndRejections (internal/process/task_queues.js:89:5)
[2020-01-22 16:18:24.971] [renderer1] [error] Unable to read file (EntryNotFound (FileSystemError)): Error: Unable to read file (EntryNotFound (FileSystemError))
    at _.doReadAsFileStream (file:///usr/share/code/resources/app/out/vs/workbench/workbench.desktop.main.js:1591:434)
    at processTicksAndRejections (internal/process/task_queues.js:89:5)
[2020-01-22 16:18:32.133] [renderer1] [error] Unable to read file (EntryNotFound (FileSystemError)): Error: Unable to read file (EntryNotFound (FileSystemError))
    at _.doReadAsFileStream (file:///usr/share/code/resources/app/out/vs/workbench/workbench.desktop.main.js:1591:434)
    at processTicksAndRejections (internal/process/task_queues.js:89:5)
[2020-01-22 16:18:54.711] [renderer1] [error] Unable to read file (EntryNotFound (FileSystemError)): Error: Unable to read file (EntryNotFound (FileSystemError))
    at _.doReadAsFileStream (file:///usr/share/code/resources/app/out/vs/workbench/workbench.desktop.main.js:1591:434)
    at processTicksAndRejections (internal/process/task_queues.js:89:5)
[2020-01-22 16:19:00.972] [renderer1] [error] Unable to read file (EntryNotFound (FileSystemError)): Error: Unable to read file (EntryNotFound (FileSystemError))
    at _.doReadAsFileStream (file:///usr/share/code/resources/app/out/vs/workbench/workbench.desktop.main.js:1591:434)
    at processTicksAndRejections (internal/process/task_queues.js:89:5)
[2020-01-22 16:19:05.313] [renderer1] [error] Unable to read file (EntryNotFound (FileSystemError)): Error: Unable to read file (EntryNotFound (FileSystemError))
    at _.doReadAsFileStream (file:///usr/share/code/resources/app/out/vs/workbench/workbench.desktop.main.js:1591:434)
    at processTicksAndRejections (internal/process/task_queues.js:89:5)
[2020-01-22 16:32:36.263] [renderer1] [error] Unable to read file (EntryNotFound (FileSystemError)): Error: Unable to read file (EntryNotFound (FileSystemError))
    at _.doReadAsFileStream (file:///usr/share/code/resources/app/out/vs/workbench/workbench.desktop.main.js:1591:434)
    at processTicksAndRejections (internal/process/task_queues.js:89:5)
[2020-01-22 16:36:19.286] [renderer1] [error] Unable to read file (EntryNotFound (FileSystemError)): Error: Unable to read file (EntryNotFound (FileSystemError))
    at _.doReadAsFileStream (file:///usr/share/code/resources/app/out/vs/workbench/workbench.desktop.main.js:1591:434)
    at processTicksAndRejections (internal/process/task_queues.js:89:5)
[2020-01-22 16:40:38.000] [renderer1] [error] Unable to read file (EntryNotFound (FileSystemError)): Error: Unable to read file (EntryNotFound (FileSystemError))
    at _.doReadAsFileStream (file:///usr/share/code/resources/app/out/vs/workbench/workbench.desktop.main.js:1591:434)
    at processTicksAndRejections (internal/process/task_queues.js:89:5)
[2020-01-22 16:40:51.074] [renderer1] [error] Unable to read file (EntryNotFound (FileSystemError)): Error: Unable to read file (EntryNotFound (FileSystemError))
    at _.doReadAsFileStream (file:///usr/share/code/resources/app/out/vs/workbench/workbench.desktop.main.js:1591:434)
    at processTicksAndRejections (internal/process/task_queues.js:89:5)
[2020-01-22 16:40:54.292] [renderer1] [error] Unable to read file (EntryNotFound (FileSystemError)): Error: Unable to read file (EntryNotFound (FileSystemError))
    at _.doReadAsFileStream (file:///usr/share/code/resources/app/out/vs/workbench/workbench.desktop.main.js:1591:434)
    at processTicksAndRejections (internal/process/task_queues.js:89:5)
[2020-01-22 16:41:25.379] [renderer1] [error] Unable to read file (EntryNotFound (FileSystemError)): Error: Unable to read file (EntryNotFound (FileSystemError))
    at _.doReadAsFileStream (file:///usr/share/code/resources/app/out/vs/workbench/workbench.desktop.main.js:1591:434)
    at processTicksAndRejections (internal/process/task_queues.js:89:5)
[2020-01-22 16:41:40.302] [renderer1] [error] Unable to read file (EntryNotFound (FileSystemError)): Error: Unable to read file (EntryNotFound (FileSystemError))
    at _.doReadAsFileStream (file:///usr/share/code/resources/app/out/vs/workbench/workbench.desktop.main.js:1591:434)
    at processTicksAndRejections (internal/process/task_queues.js:89:5)
[2020-01-22 16:41:41.797] [renderer1] [error] Unable to read file (EntryNotFound (FileSystemError)): Error: Unable to read file (EntryNotFound (FileSystemError))
    at _.doReadAsFileStream (file:///usr/share/code/resources/app/out/vs/workbench/workbench.desktop.main.js:1591:434)
    at processTicksAndRejections (internal/process/task_queues.js:89:5)
[2020-01-22 16:43:36.355] [renderer1] [error] Unable to read file (EntryNotFound (FileSystemError)): Error: Unable to read file (EntryNotFound (FileSystemError))
    at _.doReadAsFileStream (file:///usr/share/code/resources/app/out/vs/workbench/workbench.desktop.main.js:1591:434)
    at processTicksAndRejections (internal/process/task_queues.js:89:5)
[2020-01-22 16:43:44.946] [renderer1] [error] Unable to read file (EntryNotFound (FileSystemError)): Error: Unable to read file (EntryNotFound (FileSystemError))
    at _.doReadAsFileStream (file:///usr/share/code/resources/app/out/vs/workbench/workbench.desktop.main.js:1591:434)
    at processTicksAndRejections (internal/process/task_queues.js:89:5)
[2020-01-22 16:43:59.061] [renderer1] [error] Unable to read file (EntryNotFound (FileSystemError)): Error: Unable to read file (EntryNotFound (FileSystemError))
    at _.doReadAsFileStream (file:///usr/share/code/resources/app/out/vs/workbench/workbench.desktop.main.js:1591:434)
    at processTicksAndRejections (internal/process/task_queues.js:89:5)
[2020-01-22 16:44:01.511] [renderer1] [error] Unable to read file (EntryNotFound (FileSystemError)): Error: Unable to read file (EntryNotFound (FileSystemError))
    at _.doReadAsFileStream (file:///usr/share/code/resources/app/out/vs/workbench/workbench.desktop.main.js:1591:434)
    at processTicksAndRejections (internal/process/task_queues.js:89:5)
[2020-01-22 16:44:13.991] [renderer1] [error] Unable to read file (EntryNotFound (FileSystemError)): Error: Unable to read file (EntryNotFound (FileSystemError))
    at _.doReadAsFileStream (file:///usr/share/code/resources/app/out/vs/workbench/workbench.desktop.main.js:1591:434)
    at processTicksAndRejections (internal/process/task_queues.js:89:5)
[2020-01-22 16:44:24.744] [renderer1] [error] Unable to read file (EntryNotFound (FileSystemError)): Error: Unable to read file (EntryNotFound (FileSystemError))
    at _.doReadAsFileStream (file:///usr/share/code/resources/app/out/vs/workbench/workbench.desktop.main.js:1591:434)
    at processTicksAndRejections (internal/process/task_queues.js:89:5)
[2020-01-22 16:44:29.633] [renderer1] [error] Unable to read file (EntryNotFound (FileSystemError)): Error: Unable to read file (EntryNotFound (FileSystemError))
    at _.doReadAsFileStream (file:///usr/share/code/resources/app/out/vs/workbench/workbench.desktop.main.js:1591:434)
    at processTicksAndRejections (internal/process/task_queues.js:89:5)
[2020-01-22 16:47:04.383] [renderer1] [error] Unable to read file (EntryNotFound (FileSystemError)): Error: Unable to read file (EntryNotFound (FileSystemError))
    at _.doReadAsFileStream (file:///usr/share/code/resources/app/out/vs/workbench/workbench.desktop.main.js:1591:434)
    at processTicksAndRejections (internal/process/task_queues.js:89:5)
[2020-01-22 16:47:21.606] [renderer1] [error] Unable to read file (EntryNotFound (FileSystemError)): Error: Unable to read file (EntryNotFound (FileSystemError))
    at _.doReadAsFileStream (file:///usr/share/code/resources/app/out/vs/workbench/workbench.desktop.main.js:1591:434)
    at processTicksAndRejections (internal/process/task_queues.js:89:5)
[2020-01-22 16:47:23.501] [renderer1] [error] Unable to read file (EntryNotFound (FileSystemError)): Error: Unable to read file (EntryNotFound (FileSystemError))
    at _.doReadAsFileStream (file:///usr/share/code/resources/app/out/vs/workbench/workbench.desktop.main.js:1591:434)
    at processTicksAndRejections (internal/process/task_queues.js:89:5)
[2020-01-22 16:47:24.842] [renderer1] [error] Unable to read file (EntryNotFound (FileSystemError)): Error: Unable to read file (EntryNotFound (FileSystemError))
    at _.doReadAsFileStream (file:///usr/share/code/resources/app/out/vs/workbench/workbench.desktop.main.js:1591:434)
    at processTicksAndRejections (internal/process/task_queues.js:89:5)
[2020-01-22 16:47:26.012] [renderer1] [error] Unable to read file (EntryNotFound (FileSystemError)): Error: Unable to read file (EntryNotFound (FileSystemError))
    at _.doReadAsFileStream (file:///usr/share/code/resources/app/out/vs/workbench/workbench.desktop.main.js:1591:434)
    at processTicksAndRejections (internal/process/task_queues.js:89:5)
[2020-01-22 16:47:35.582] [renderer1] [error] Unable to read file (EntryNotFound (FileSystemError)): Error: Unable to read file (EntryNotFound (FileSystemError))
    at _.doReadAsFileStream (file:///usr/share/code/resources/app/out/vs/workbench/workbench.desktop.main.js:1591:434)
    at processTicksAndRejections (internal/process/task_queues.js:89:5)
[2020-01-22 16:47:41.766] [renderer1] [error] Unable to read file (EntryNotFound (FileSystemError)): Error: Unable to read file (EntryNotFound (FileSystemError))
    at _.doReadAsFileStream (file:///usr/share/code/resources/app/out/vs/workbench/workbench.desktop.main.js:1591:434)
    at processTicksAndRejections (internal/process/task_queues.js:89:5)
[2020-01-22 17:40:00.350] [renderer1] [error] Unable to read file (EntryNotFound (FileSystemError)): Error: Unable to read file (EntryNotFound (FileSystemError))
    at _.doReadAsFileStream (file:///usr/share/code/resources/app/out/vs/workbench/workbench.desktop.main.js:1591:434)
    at processTicksAndRejections (internal/process/task_queues.js:89:5)
[2020-01-22 17:40:04.293] [renderer1] [error] Unable to read file (EntryNotFound (FileSystemError)): Error: Unable to read file (EntryNotFound (FileSystemError))
    at _.doReadAsFileStream (file:///usr/share/code/resources/app/out/vs/workbench/workbench.desktop.main.js:1591:434)
    at processTicksAndRejections (internal/process/task_queues.js:89:5)
[2020-01-22 17:40:08.514] [renderer1] [error] Unable to read file (EntryNotFound (FileSystemError)): Error: Unable to read file (EntryNotFound (FileSystemError))
    at _.doReadAsFileStream (file:///usr/share/code/resources/app/out/vs/workbench/workbench.desktop.main.js:1591:434)
    at processTicksAndRejections (internal/process/task_queues.js:89:5)
[2020-01-22 17:41:32.967] [renderer1] [error] Unable to read file (EntryNotFound (FileSystemError)): Error: Unable to read file (EntryNotFound (FileSystemError))
    at _.doReadAsFileStream (file:///usr/share/code/resources/app/out/vs/workbench/workbench.desktop.main.js:1591:434)
    at processTicksAndRejections (internal/process/task_queues.js:89:5)
[2020-01-22 17:41:37.088] [renderer1] [error] Unable to read file (EntryNotFound (FileSystemError)): Error: Unable to read file (EntryNotFound (FileSystemError))
    at _.doReadAsFileStream (file:///usr/share/code/resources/app/out/vs/workbench/workbench.desktop.main.js:1591:434)
    at processTicksAndRejections (internal/process/task_queues.js:89:5)
[2020-01-22 17:41:38.767] [renderer1] [error] Unable to read file (EntryNotFound (FileSystemError)): Error: Unable to read file (EntryNotFound (FileSystemError))
    at _.doReadAsFileStream (file:///usr/share/code/resources/app/out/vs/workbench/workbench.desktop.main.js:1591:434)
    at processTicksAndRejections (internal/process/task_queues.js:89:5)
[2020-01-22 17:41:55.036] [renderer1] [error] Unable to read file (EntryNotFound (FileSystemError)): Error: Unable to read file (EntryNotFound (FileSystemError))
    at _.doReadAsFileStream (file:///usr/share/code/resources/app/out/vs/workbench/workbench.desktop.main.js:1591:434)
    at processTicksAndRejections (internal/process/task_queues.js:89:5)
[2020-01-22 17:42:39.040] [renderer1] [error] Unable to read file (EntryNotFound (FileSystemError)): Error: Unable to read file (EntryNotFound (FileSystemError))
    at _.doReadAsFileStream (file:///usr/share/code/resources/app/out/vs/workbench/workbench.desktop.main.js:1591:434)
    at processTicksAndRejections (internal/process/task_queues.js:89:5)
[2020-01-22 17:42:40.251] [renderer1] [error] Unable to read file (EntryNotFound (FileSystemError)): Error: Unable to read file (EntryNotFound (FileSystemError))
    at _.doReadAsFileStream (file:///usr/share/code/resources/app/out/vs/workbench/workbench.desktop.main.js:1591:434)
    at processTicksAndRejections (internal/process/task_queues.js:89:5)
[2020-01-22 17:42:46.503] [renderer1] [error] Unable to read file (EntryNotFound (FileSystemError)): Error: Unable to read file (EntryNotFound (FileSystemError))
    at _.doReadAsFileStream (file:///usr/share/code/resources/app/out/vs/workbench/workbench.desktop.main.js:1591:434)
    at processTicksAndRejections (internal/process/task_queues.js:89:5)
[2020-01-22 17:42:52.251] [renderer1] [error] Unable to read file (EntryNotFound (FileSystemError)): Error: Unable to read file (EntryNotFound (FileSystemError))
    at _.doReadAsFileStream (file:///usr/share/code/resources/app/out/vs/workbench/workbench.desktop.main.js:1591:434)
    at processTicksAndRejections (internal/process/task_queues.js:89:5)
[2020-01-22 17:42:57.272] [renderer1] [error] Unable to read file (EntryNotFound (FileSystemError)): Error: Unable to read file (EntryNotFound (FileSystemError))
    at _.doReadAsFileStream (file:///usr/share/code/resources/app/out/vs/workbench/workbench.desktop.main.js:1591:434)
    at processTicksAndRejections (internal/process/task_queues.js:89:5)
[2020-01-22 17:58:49.362] [renderer1] [error] Unable to read file (EntryNotFound (FileSystemError)): Error: Unable to read file (EntryNotFound (FileSystemError))
    at _.doReadAsFileStream (file:///usr/share/code/resources/app/out/vs/workbench/workbench.desktop.main.js:1591:434)
    at processTicksAndRejections (internal/process/task_queues.js:89:5)
[2020-01-22 17:58:51.172] [renderer1] [error] Unable to read file (EntryNotFound (FileSystemError)): Error: Unable to read file (EntryNotFound (FileSystemError))
    at _.doReadAsFileStream (file:///usr/share/code/resources/app/out/vs/workbench/workbench.desktop.main.js:1591:434)
    at processTicksAndRejections (internal/process/task_queues.js:89:5)
[2020-01-22 17:58:53.118] [renderer1] [error] Unable to read file (EntryNotFound (FileSystemError)): Error: Unable to read file (EntryNotFound (FileSystemError))
    at _.doReadAsFileStream (file:///usr/share/code/resources/app/out/vs/workbench/workbench.desktop.main.js:1591:434)
    at processTicksAndRejections (internal/process/task_queues.js:89:5)
[2020-01-22 17:59:01.856] [renderer1] [error] Unable to read file (EntryNotFound (FileSystemError)): Error: Unable to read file (EntryNotFound (FileSystemError))
    at _.doReadAsFileStream (file:///usr/share/code/resources/app/out/vs/workbench/workbench.desktop.main.js:1591:434)
    at processTicksAndRejections (internal/process/task_queues.js:89:5)
[2020-01-22 17:59:03.583] [renderer1] [error] Unable to read file (EntryNotFound (FileSystemError)): Error: Unable to read file (EntryNotFound (FileSystemError))
    at _.doReadAsFileStream (file:///usr/share/code/resources/app/out/vs/workbench/workbench.desktop.main.js:1591:434)
    at processTicksAndRejections (internal/process/task_queues.js:89:5)
[2020-01-22 17:59:08.867] [renderer1] [error] Unable to read file (EntryNotFound (FileSystemError)): Error: Unable to read file (EntryNotFound (FileSystemError))
    at _.doReadAsFileStream (file:///usr/share/code/resources/app/out/vs/workbench/workbench.desktop.main.js:1591:434)
    at processTicksAndRejections (internal/process/task_queues.js:89:5)
[2020-01-22 17:59:19.186] [renderer1] [error] Unable to read file (EntryNotFound (FileSystemError)): Error: Unable to read file (EntryNotFound (FileSystemError))
    at _.doReadAsFileStream (file:///usr/share/code/resources/app/out/vs/workbench/workbench.desktop.main.js:1591:434)
    at processTicksAndRejections (internal/process/task_queues.js:89:5)
[2020-01-22 17:59:20.664] [renderer1] [error] Unable to read file (EntryNotFound (FileSystemError)): Error: Unable to read file (EntryNotFound (FileSystemError))
    at _.doReadAsFileStream (file:///usr/share/code/resources/app/out/vs/workbench/workbench.desktop.main.js:1591:434)
    at processTicksAndRejections (internal/process/task_queues.js:89:5)
[2020-01-22 17:59:22.111] [renderer1] [error] Unable to read file (EntryNotFound (FileSystemError)): Error: Unable to read file (EntryNotFound (FileSystemError))
    at _.doReadAsFileStream (file:///usr/share/code/resources/app/out/vs/workbench/workbench.desktop.main.js:1591:434)
    at processTicksAndRejections (internal/process/task_queues.js:89:5)
[2020-01-22 17:59:26.977] [renderer1] [error] Unable to read file (EntryNotFound (FileSystemError)): Error: Unable to read file (EntryNotFound (FileSystemError))
    at _.doReadAsFileStream (file:///usr/share/code/resources/app/out/vs/workbench/workbench.desktop.main.js:1591:434)
    at processTicksAndRejections (internal/process/task_queues.js:89:5)
[2020-01-22 17:59:28.002] [renderer1] [error] Unable to read file (EntryNotFound (FileSystemError)): Error: Unable to read file (EntryNotFound (FileSystemError))
    at _.doReadAsFileStream (file:///usr/share/code/resources/app/out/vs/workbench/workbench.desktop.main.js:1591:434)
    at processTicksAndRejections (internal/process/task_queues.js:89:5)
[2020-01-22 17:59:29.412] [renderer1] [error] Unable to read file (EntryNotFound (FileSystemError)): Error: Unable to read file (EntryNotFound (FileSystemError))
    at _.doReadAsFileStream (file:///usr/share/code/resources/app/out/vs/workbench/workbench.desktop.main.js:1591:434)
    at processTicksAndRejections (internal/process/task_queues.js:89:5)
[2020-01-22 17:59:39.418] [renderer1] [error] doSave(23) - exit - resulted in a save error: Error: Unable to write file (NoPermissions (FileSystemError): Error: EACCES: permission denied, open '/root/dashboard/diffbot_dashboard/templates/diffbot_dashboard/custom_api/api_render_field.html') {"$mid":1,"fsPath":"/root/dashboard/diffbot_dashboard/templates/diffbot_dashboard/custom_api/api_render_field.html","external":"file:///root/dashboard/diffbot_dashboard/templates/diffbot_dashboard/custom_api/api_render_field.html","path":"/root/dashboard/diffbot_dashboard/templates/diffbot_dashboard/custom_api/api_render_field.html","scheme":"file"}
[2020-01-22 18:01:22.636] [renderer1] [error] Unable to read file (EntryNotFound (FileSystemError)): Error: Unable to read file (EntryNotFound (FileSystemError))
    at _.doReadAsFileStream (file:///usr/share/code/resources/app/out/vs/workbench/workbench.desktop.main.js:1591:434)
    at runMicrotasks (<anonymous>)
    at processTicksAndRejections (internal/process/task_queues.js:89:5)
[2020-01-22 18:01:24.921] [renderer1] [error] doSave(34) - exit - resulted in a save error: Error: Unable to write file (NoPermissions (FileSystemError): Error: EACCES: permission denied, open '/root/dashboard/diffbot_dashboard/templates/diffbot_dashboard/custom_api/api_render_field.html') {"$mid":1,"fsPath":"/root/dashboard/diffbot_dashboard/templates/diffbot_dashboard/custom_api/api_render_field.html","external":"file:///root/dashboard/diffbot_dashboard/templates/diffbot_dashboard/custom_api/api_render_field.html","path":"/root/dashboard/diffbot_dashboard/templates/diffbot_dashboard/custom_api/api_render_field.html","scheme":"file"}
[2020-01-22 18:03:37.741] [renderer1] [error] Unable to read file (EntryNotFound (FileSystemError)): Error: Unable to read file (EntryNotFound (FileSystemError))
    at _.doReadAsFileStream (file:///usr/share/code/resources/app/out/vs/workbench/workbench.desktop.main.js:1591:434)
    at runMicrotasks (<anonymous>)
    at processTicksAndRejections (internal/process/task_queues.js:89:5)
[2020-01-22 18:10:23.035] [renderer1] [error] Unable to read file (EntryNotFound (FileSystemError)): Error: Unable to read file (EntryNotFound (FileSystemError))
    at _.doReadAsFileStream (file:///usr/share/code/resources/app/out/vs/workbench/workbench.desktop.main.js:1591:434)
    at runMicrotasks (<anonymous>)
    at processTicksAndRejections (internal/process/task_queues.js:89:5)
[2020-01-22 18:10:24.198] [renderer1] [error] Unable to read file (EntryNotFound (FileSystemError)): Error: Unable to read file (EntryNotFound (FileSystemError))
    at _.doReadAsFileStream (file:///usr/share/code/resources/app/out/vs/workbench/workbench.desktop.main.js:1591:434)
    at runMicrotasks (<anonymous>)
    at processTicksAndRejections (internal/process/task_queues.js:89:5)
[2020-01-22 18:10:25.795] [renderer1] [error] Unable to read file (EntryNotFound (FileSystemError)): Error: Unable to read file (EntryNotFound (FileSystemError))
    at _.doReadAsFileStream (file:///usr/share/code/resources/app/out/vs/workbench/workbench.desktop.main.js:1591:434)
    at runMicrotasks (<anonymous>)
    at processTicksAndRejections (internal/process/task_queues.js:89:5)
[2020-01-22 18:10:27.531] [renderer1] [error] Unable to write file (NoPermissions (FileSystemError): Error: EACCES: permission denied, open '/root/dashboard/diffbot_dashboard/templates/diffbot_dashboard/custom_api/api_render_field.html'): Error: Unable to write file (NoPermissions (FileSystemError): Error: EACCES: permission denied, open '/root/dashboard/diffbot_dashboard/templates/diffbot_dashboard/custom_api/api_render_field.html')
    at _.writeFile (file:///usr/share/code/resources/app/out/vs/workbench/workbench.desktop.main.js:1589:850)
[2020-01-22 18:10:29.156] [renderer1] [error] Unable to write file (NoPermissions (FileSystemError): Error: EACCES: permission denied, open '/root/dashboard/diffbot_dashboard/templates/diffbot_dashboard/custom_api/api_render_field.html'): Error: Unable to write file (NoPermissions (FileSystemError): Error: EACCES: permission denied, open '/root/dashboard/diffbot_dashboard/templates/diffbot_dashboard/custom_api/api_render_field.html')
    at _.writeFile (file:///usr/share/code/resources/app/out/vs/workbench/workbench.desktop.main.js:1589:850)
[2020-01-22 18:13:43.579] [renderer1] [error] Unable to read file (EntryNotFound (FileSystemError)): Error: Unable to read file (EntryNotFound (FileSystemError))
    at _.doReadAsFileStream (file:///usr/share/code/resources/app/out/vs/workbench/workbench.desktop.main.js:1591:434)
    at runMicrotasks (<anonymous>)
    at processTicksAndRejections (internal/process/task_queues.js:89:5)
[2020-01-22 18:13:45.214] [renderer1] [error] Unable to read file (EntryNotFound (FileSystemError)): Error: Unable to read file (EntryNotFound (FileSystemError))
    at _.doReadAsFileStream (file:///usr/share/code/resources/app/out/vs/workbench/workbench.desktop.main.js:1591:434)
    at runMicrotasks (<anonymous>)
    at processTicksAndRejections (internal/process/task_queues.js:89:5)
[2020-01-22 18:15:30.843] [renderer1] [error] Unable to read file (EntryNotFound (FileSystemError)): Error: Unable to read file (EntryNotFound (FileSystemError))
    at _.doReadAsFileStream (file:///usr/share/code/resources/app/out/vs/workbench/workbench.desktop.main.js:1591:434)
    at runMicrotasks (<anonymous>)
    at processTicksAndRejections (internal/process/task_queues.js:89:5)
[2020-01-22 18:17:57.302] [renderer1] [error] Unable to read file (EntryNotFound (FileSystemError)): Error: Unable to read file (EntryNotFound (FileSystemError))
    at _.doReadAsFileStream (file:///usr/share/code/resources/app/out/vs/workbench/workbench.desktop.main.js:1591:434)
    at runMicrotasks (<anonymous>)
    at processTicksAndRejections (internal/process/task_queues.js:89:5)
[2020-01-22 18:18:00.917] [renderer1] [error] Unable to read file (EntryNotFound (FileSystemError)): Error: Unable to read file (EntryNotFound (FileSystemError))
    at _.doReadAsFileStream (file:///usr/share/code/resources/app/out/vs/workbench/workbench.desktop.main.js:1591:434)
    at runMicrotasks (<anonymous>)
    at processTicksAndRejections (internal/process/task_queues.js:89:5)
[2020-01-22 18:18:04.737] [renderer1] [error] Unable to read file (EntryNotFound (FileSystemError)): Error: Unable to read file (EntryNotFound (FileSystemError))
    at _.doReadAsFileStream (file:///usr/share/code/resources/app/out/vs/workbench/workbench.desktop.main.js:1591:434)
    at runMicrotasks (<anonymous>)
    at processTicksAndRejections (internal/process/task_queues.js:89:5)
[2020-01-22 18:18:18.127] [renderer1] [error] Unable to read file (EntryNotFound (FileSystemError)): Error: Unable to read file (EntryNotFound (FileSystemError))
    at _.doReadAsFileStream (file:///usr/share/code/resources/app/out/vs/workbench/workbench.desktop.main.js:1591:434)
    at runMicrotasks (<anonymous>)
    at processTicksAndRejections (internal/process/task_queues.js:89:5)
[2020-01-22 18:18:54.816] [renderer1] [error] Unable to read file (EntryNotFound (FileSystemError)): Error: Unable to read file (EntryNotFound (FileSystemError))
    at _.doReadAsFileStream (file:///usr/share/code/resources/app/out/vs/workbench/workbench.desktop.main.js:1591:434)
    at runMicrotasks (<anonymous>)
    at processTicksAndRejections (internal/process/task_queues.js:89:5)
[2020-01-22 18:19:13.014] [renderer1] [error] Unable to read file (EntryNotFound (FileSystemError)): Error: Unable to read file (EntryNotFound (FileSystemError))
    at _.doReadAsFileStream (file:///usr/share/code/resources/app/out/vs/workbench/workbench.desktop.main.js:1591:434)
    at runMicrotasks (<anonymous>)
    at processTicksAndRejections (internal/process/task_queues.js:89:5)
[2020-01-22 18:24:04.217] [renderer1] [error] Unable to read file (EntryNotFound (FileSystemError)): Error: Unable to read file (EntryNotFound (FileSystemError))
    at _.doReadAsFileStream (file:///usr/share/code/resources/app/out/vs/workbench/workbench.desktop.main.js:1591:434)
    at processTicksAndRejections (internal/process/task_queues.js:89:5)
[2020-01-22 18:24:06.707] [renderer1] [error] Unable to read file (EntryNotFound (FileSystemError)): Error: Unable to read file (EntryNotFound (FileSystemError))
    at _.doReadAsFileStream (file:///usr/share/code/resources/app/out/vs/workbench/workbench.desktop.main.js:1591:434)
    at processTicksAndRejections (internal/process/task_queues.js:89:5)
[2020-01-22 18:24:08.369] [renderer1] [error] Unable to read file (EntryNotFound (FileSystemError)): Error: Unable to read file (EntryNotFound (FileSystemError))
    at _.doReadAsFileStream (file:///usr/share/code/resources/app/out/vs/workbench/workbench.desktop.main.js:1591:434)
    at processTicksAndRejections (internal/process/task_queues.js:89:5)
[2020-01-22 18:24:10.645] [renderer1] [error] Unable to read file (EntryNotFound (FileSystemError)): Error: Unable to read file (EntryNotFound (FileSystemError))
    at _.doReadAsFileStream (file:///usr/share/code/resources/app/out/vs/workbench/workbench.desktop.main.js:1591:434)
    at processTicksAndRejections (internal/process/task_queues.js:89:5)
[2020-01-23 12:50:21.057] [renderer1] [error] Unable to read file (EntryNotFound (FileSystemError)): Error: Unable to read file (EntryNotFound (FileSystemError))
    at _.doReadAsFileStream (file:///usr/share/code/resources/app/out/vs/workbench/workbench.desktop.main.js:1591:434)
    at runMicrotasks (<anonymous>)
    at processTicksAndRejections (internal/process/task_queues.js:89:5)
[2020-01-23 14:24:25.399] [renderer1] [error] Unable to read file (EntryNotFound (FileSystemError)): Error: Unable to read file (EntryNotFound (FileSystemError))
    at _.doReadAsFileStream (file:///usr/share/code/resources/app/out/vs/workbench/workbench.desktop.main.js:1591:434)
    at runMicrotasks (<anonymous>)
    at processTicksAndRejections (internal/process/task_queues.js:89:5)
[2020-01-23 14:24:31.322] [renderer1] [error] Unable to read file (EntryNotFound (FileSystemError)): Error: Unable to read file (EntryNotFound (FileSystemError))
    at _.doReadAsFileStream (file:///usr/share/code/resources/app/out/vs/workbench/workbench.desktop.main.js:1591:434)
    at runMicrotasks (<anonymous>)
    at processTicksAndRejections (internal/process/task_queues.js:89:5)
[2020-01-23 14:31:30.525] [renderer1] [error] Unable to read file (EntryNotFound (FileSystemError)): Error: Unable to read file (EntryNotFound (FileSystemError))
    at _.doReadAsFileStream (file:///usr/share/code/resources/app/out/vs/workbench/workbench.desktop.main.js:1591:434)
    at runMicrotasks (<anonymous>)
    at processTicksAndRejections (internal/process/task_queues.js:89:5)
[2020-01-23 14:31:32.752] [renderer1] [error] Unable to read file (EntryNotFound (FileSystemError)): Error: Unable to read file (EntryNotFound (FileSystemError))
    at _.doReadAsFileStream (file:///usr/share/code/resources/app/out/vs/workbench/workbench.desktop.main.js:1591:434)
    at runMicrotasks (<anonymous>)
    at processTicksAndRejections (internal/process/task_queues.js:89:5)
[2020-01-23 14:31:36.794] [renderer1] [error] Unable to read file (EntryNotFound (FileSystemError)): Error: Unable to read file (EntryNotFound (FileSystemError))
    at _.doReadAsFileStream (file:///usr/share/code/resources/app/out/vs/workbench/workbench.desktop.main.js:1591:434)
    at runMicrotasks (<anonymous>)
    at processTicksAndRejections (internal/process/task_queues.js:89:5)
[2020-01-23 14:31:38.528] [renderer1] [error] Unable to read file (EntryNotFound (FileSystemError)): Error: Unable to read file (EntryNotFound (FileSystemError))
    at _.doReadAsFileStream (file:///usr/share/code/resources/app/out/vs/workbench/workbench.desktop.main.js:1591:434)
    at runMicrotasks (<anonymous>)
    at processTicksAndRejections (internal/process/task_queues.js:89:5)
[2020-01-23 14:31:41.078] [renderer1] [error] Unable to read file (EntryNotFound (FileSystemError)): Error: Unable to read file (EntryNotFound (FileSystemError))
    at _.doReadAsFileStream (file:///usr/share/code/resources/app/out/vs/workbench/workbench.desktop.main.js:1591:434)
    at runMicrotasks (<anonymous>)
    at processTicksAndRejections (internal/process/task_queues.js:89:5)
[2020-01-23 14:32:01.942] [renderer1] [error] Unable to read file (EntryNotFound (FileSystemError)): Error: Unable to read file (EntryNotFound (FileSystemError))
    at _.doReadAsFileStream (file:///usr/share/code/resources/app/out/vs/workbench/workbench.desktop.main.js:1591:434)
    at runMicrotasks (<anonymous>)
    at processTicksAndRejections (internal/process/task_queues.js:89:5)
[2020-01-23 14:38:27.414] [renderer1] [error] Unable to read file (EntryNotFound (FileSystemError)): Error: Unable to read file (EntryNotFound (FileSystemError))
    at _.doReadAsFileStream (file:///usr/share/code/resources/app/out/vs/workbench/workbench.desktop.main.js:1591:434)
    at runMicrotasks (<anonymous>)
    at processTicksAndRejections (internal/process/task_queues.js:89:5)
[2020-01-23 14:39:05.990] [renderer1] [error] Unable to read file (EntryNotFound (FileSystemError)): Error: Unable to read file (EntryNotFound (FileSystemError))
    at _.doReadAsFileStream (file:///usr/share/code/resources/app/out/vs/workbench/workbench.desktop.main.js:1591:434)
    at runMicrotasks (<anonymous>)
    at processTicksAndRejections (internal/process/task_queues.js:89:5)
