Looking for git in: git
Using git 2.17.1 from git
> git rev-parse --show-toplevel
> git rev-parse --git-dir
Open repository: /root/dashboard
> git status -z -u
> git symbolic-ref --short HEAD
> git rev-parse ricktest1
> git rev-parse --symbolic-full-name ricktest1@{u}
fatal: no upstream configured for branch 'ricktest1'
> git for-each-ref --format %(refname) %(objectname) --sort -committerdate
> git remote --verbose
> git config --get commit.template
> git show :diffbot_dashboard/views/custom_api.py
> git check-ignore -v -z --stdin
> git rev-parse --show-toplevel
fatal: not a git repository (or any of the parent directories): .git
> git show :diffbot_dashboard/views/custom_api.py
> git rev-parse --show-toplevel
> git rev-parse --git-dir
Open repository: /root/support_tools
> git status -z -u
> git show :application/tools/views.py
> git check-ignore -v -z --stdin
> git symbolic-ref --short HEAD
> git rev-parse master
> git rev-parse --symbolic-full-name master@{u}
> git rev-list --left-right master...refs/remotes/origin/master
> git for-each-ref --format %(refname) %(objectname) --sort -committerdate
> git remote --verbose
Failed to watch ref '/root/support_tools/.git/refs/remotes/origin/master', is most likely packed.
Error: ENOENT: no such file or directory, watch '/root/support_tools/.git/refs/remotes/origin/master'
	at FSWatcher.start (internal/fs/watchers.js:165:26)
	at Object.watch (fs.js:1270:11)
	at Object.t.watch (/usr/share/code/resources/app/extensions/git/dist/main.js:1:591370)
	at E.updateTransientWatchers (/usr/share/code/resources/app/extensions/git/dist/main.js:1:123066)
	at l.fire (/usr/share/code/resources/app/out/vs/workbench/services/extensions/node/extensionHostProcess.js:46:913)
	at T.updateModelState (/usr/share/code/resources/app/extensions/git/dist/main.js:1:141851)
> git config --get commit.template
> git show :diffbot_dashboard/views/custom_api.py
> git check-ignore -v -z --stdin
> git rev-parse --show-toplevel
> git rev-parse --git-dir
Open repository: /root/support_tools_working
> git status -z -u
> git show :application/tools/views.py
> git check-ignore -v -z --stdin
> git show :diffbot_dashboard/views/custom_api.py
> git check-ignore -v -z --stdin
> git check-ignore -v -z --stdin
> git show :templates/tools/modifyplan.html
> git show :diffbot_dashboard/views/custom_api.py
> git check-ignore -v -z --stdin
> git show :diffbot_dashboard/templates/diffbot_dashboard/custom_api/api_edit.html
> git show :diffbot_dashboard/views/custom_api.py
> git check-ignore -v -z --stdin
> git show :diffbot_dashboard/templates/diffbot_dashboard/custom_api/api_preview.html
> git show :diffbot_dashboard/views/custom_api.py
> git check-ignore -v -z --stdin
> git show :diffbot_dashboard/templates/diffbot_dashboard/custom_api/api_render_field.html
> git check-ignore -v -z --stdin
> git show :diffbot_dashboard/webpack/js/custom_api.js
