Looking for git in: git
Using git 2.17.1 from git
> git rev-parse --show-toplevel
> git rev-parse --git-dir
Open repository: /root/support_tools
> git status -z -u
> git show :application/tools/views.py
> git check-ignore -v -z --stdin
> git symbolic-ref --short HEAD
> git rev-parse master
> git rev-parse --symbolic-full-name master@{u}
> git rev-list --left-right master...refs/remotes/origin/master
> git for-each-ref --format %(refname) %(objectname) --sort -committerdate
> git remote --verbose
Failed to watch ref '/root/support_tools/.git/refs/remotes/origin/master', is most likely packed.
Error: ENOENT: no such file or directory, watch '/root/support_tools/.git/refs/remotes/origin/master'
	at FSWatcher.start (internal/fs/watchers.js:165:26)
	at Object.watch (fs.js:1270:11)
	at Object.t.watch (/usr/share/code/resources/app/extensions/git/dist/main.js:1:591370)
	at E.updateTransientWatchers (/usr/share/code/resources/app/extensions/git/dist/main.js:1:123066)
	at l.fire (/usr/share/code/resources/app/out/vs/workbench/services/extensions/node/extensionHostProcess.js:46:913)
	at T.updateModelState (/usr/share/code/resources/app/extensions/git/dist/main.js:1:141851)
> git config --get commit.template
> git show :application/tools/views.py
> git check-ignore -v -z --stdin
> git show :application/tools/forms.py
> git show :application/tools/views.py
> git check-ignore -v -z --stdin
> git show :templates/tools/customplans.html
> git show :application/tools/views.py
> git show :templates/tools/customplans.html
> git show :application/tools/views.py
> git show :templates/tools/customplans.html
> git show :application/tools/views.py
> git show :templates/tools/customplans.html
> git show :application/tools/views.py
> git show :templates/tools/customplans.html
> git show :application/tools/views.py
> git show :application/tools/forms.py
> git show :application/tools/views.py
> git show :application/tools/forms.py
> git show :templates/tools/customplans.html
> git show :application/tools/forms.py
> git show :application/tools/views.py
> git show :application/tools/forms.py
> git show :templates/tools/customplans.html
> git show :application/tools/forms.py
> git show :application/tools/views.py
> git show :templates/tools/customplans.html
> git show :application/tools/forms.py
> git show :templates/tools/customplans.html
> git show :application/tools/views.py
> git show :templates/tools/customplans.html
> git show :application/tools/views.py
> git show :templates/tools/customplans.html
> git show :application/tools/views.py
> git show :templates/tools/customplans.html
> git show :application/tools/views.py
> git rev-parse --show-toplevel
> git rev-parse --git-dir
Open repository: /scripts/sales-renewal-alerts
> git status -z -u
> git symbolic-ref --short HEAD
> git rev-parse master
> git rev-parse --symbolic-full-name master@{u}
> git rev-list --left-right master...refs/remotes/origin/master
> git for-each-ref --format %(refname) %(objectname) --sort -committerdate
> git remote --verbose
> git config --get commit.template
> git show :sales-renewal-alerts
> git check-ignore -v -z --stdin
> git rev-parse --show-toplevel
> git rev-parse --git-dir
Open repository: /scripts/SLACK_ROLES
> git status -z -u
> git symbolic-ref --short HEAD
> git rev-parse rick_dev
> git rev-parse --symbolic-full-name rick_dev@{u}
fatal: no upstream configured for branch 'rick_dev'
> git for-each-ref --format %(refname) %(objectname) --sort -committerdate
> git remote --verbose
> git config --get commit.template
> git show :roles/sales-renewal-alerts/files/var/www/cgi-bin/sales-renewal-alerts
> git check-ignore -v -z --stdin
> git status -z -u
> git symbolic-ref --short HEAD
> git rev-parse rick_dev
> git rev-parse --symbolic-full-name rick_dev@{u}
fatal: no upstream configured for branch 'rick_dev'
> git for-each-ref --format %(refname) %(objectname) --sort -committerdate
> git remote --verbose
> git config --get commit.template
> git status -z -u
> git symbolic-ref --short HEAD
> git rev-parse rick_dev
> git rev-parse --symbolic-full-name rick_dev@{u}
fatal: no upstream configured for branch 'rick_dev'
> git for-each-ref --format %(refname) %(objectname) --sort -committerdate
> git remote --verbose
> git config --get commit.template
> git status -z -u
> git symbolic-ref --short HEAD
> git rev-parse rick_dev
> git rev-parse --symbolic-full-name rick_dev@{u}
fatal: no upstream configured for branch 'rick_dev'
> git for-each-ref --format %(refname) %(objectname) --sort -committerdate
> git remote --verbose
> git config --get commit.template
> git status -z -u
> git symbolic-ref --short HEAD
> git rev-parse rick_dev
> git rev-parse --symbolic-full-name rick_dev@{u}
fatal: no upstream configured for branch 'rick_dev'
> git for-each-ref --format %(refname) %(objectname) --sort -committerdate
> git remote --verbose
> git config --get commit.template
> git show :sales-renewal-alerts
> git check-ignore -v -z --stdin
> git show :roles/sales-renewal-alerts/files/var/www/cgi-bin/sales-renewal-alerts
> git check-ignore -v -z --stdin
> git show :roles/sales-overage-calculator/files/var/www/cgi-bin/sales-overage-calculator
> git status -z -u
> git symbolic-ref --short HEAD
> git rev-parse rick_dev
> git rev-parse --symbolic-full-name rick_dev@{u}
fatal: no upstream configured for branch 'rick_dev'
> git for-each-ref --format %(refname) %(objectname) --sort -committerdate
> git remote --verbose
> git config --get commit.template
> git show :roles/sales-renewal-alerts/files/var/www/cgi-bin/sales-renewal-alerts
> git show :roles/sales-overage-calculator/files/var/www/cgi-bin/sales-overage-calculator
> git show :roles/sales-renewal-alerts/files/var/www/cgi-bin/sales-renewal-alerts
> git show :roles/sales-overage-calculator/files/var/www/cgi-bin/sales-overage-calculator
> git show :roles/sales-renewal-alerts/files/var/www/cgi-bin/sales-renewal-alerts
> git status -z -u
> git show :roles/sales-renewal-alerts/files/var/www/cgi-bin/sales-renewal-alerts
> git symbolic-ref --short HEAD
> git rev-parse rick_testing2
> git rev-parse --symbolic-full-name rick_testing2@{u}
fatal: no upstream configured for branch 'rick_testing2'
> git for-each-ref --format %(refname) %(objectname) --sort -committerdate
> git remote --verbose
> git config --get commit.template
> git status -z -u
> git symbolic-ref --short HEAD
> git rev-parse rick_testing2
> git rev-parse --symbolic-full-name rick_testing2@{u}
fatal: no upstream configured for branch 'rick_testing2'
> git for-each-ref --format %(refname) %(objectname) --sort -committerdate
> git remote --verbose
> git config --get commit.template
> git status -z -u
> git symbolic-ref --short HEAD
> git rev-parse rick_testing2
> git rev-parse --symbolic-full-name rick_testing2@{u}
fatal: no upstream configured for branch 'rick_testing2'
> git for-each-ref --format %(refname) %(objectname) --sort -committerdate
> git remote --verbose
> git show :roles/sales-renewal-alerts/files/var/www/cgi-bin/sales-renewal-alerts
> git config --get commit.template
> git status -z -u
> git symbolic-ref --short HEAD
> git rev-parse rick_testing2
> git rev-parse --symbolic-full-name rick_testing2@{u}
fatal: no upstream configured for branch 'rick_testing2'
> git for-each-ref --format %(refname) %(objectname) --sort -committerdate
> git remote --verbose
> git config --get commit.template
> git show :roles/sales-overage-calculator/files/var/www/cgi-bin/sales-overage-calculator
> git show :application/tools/views.py
> git check-ignore -v -z --stdin
> git show :templates/tools/customplans.html
> git check-ignore -v -z --stdin
