Looking for git in: git
Using git 2.17.1 from git
> git rev-parse --show-toplevel
> git rev-parse --git-dir
Open repository: /root/dropdownfix/support_tools
> git status -z -u
> git show :templates/tools/newtoken.html
> git check-ignore -v -z --stdin
> git check-ignore -v -z --stdin
> git show :application/tools/views.py
> git check-ignore -v -z --stdin
> git show :application/tools/forms.py
> git show :application/tools/views.py
> git show :application/tools/forms.py
> git show :templates/tools/newtoken.html
> git show :application/tools/forms.py
> git show :application/tools/views.py
> git show :application/tools/views.py
> git show :application/tools/views.py
> git show :application/tools/forms.py
> git show :application/tools/views.py
> git show :application/tools/views.py
> git show :application/tools/views.py
> git show :application/tools/views.py
> git show :application/tools/forms.py
> git show :application/tools/views.py
> git show :application/tools/forms.py
> git show :application/tools/views.py
> git show :application/tools/views.py
> git show :application/tools/views.py
> git show :application/tools/views.py
> git show :application/tools/views.py
> git show :application/tools/views.py
> git show :application/tools/views.py
> git show :application/tools/views.py
> git show :application/tools/forms.py
> git show :application/tools/forms.py
> git show :application/tools/forms.py
> git show :application/tools/views.py
> git show :application/tools/views.py
> git show :application/tools/views.py
> git check-ignore -v -z --stdin
> git show :application/tools/models.py
> git show :application/tools/views.py
> git show :application/tools/models.py
> git show :application/tools/views.py
> git show :application/tools/forms.py
> git show :application/tools/models.py
> git show :application/tools/views.py
> git show :application/tools/models.py
> git show :application/tools/forms.py
> git show :application/tools/views.py
> git show :application/tools/models.py
> git show :application/tools/views.py
> git show :application/tools/forms.py
> git show :application/tools/models.py
> git show :application/tools/views.py
> git show :application/tools/forms.py
> git show :application/tools/views.py
> git show :application/tools/forms.py
> git show :application/tools/views.py
> git show :application/tools/forms.py
> git show :application/tools/views.py
> git show :application/tools/forms.py
> git show :application/tools/models.py
> git show :application/tools/forms.py
> git show :application/tools/views.py
> git show :application/tools/forms.py
> git show :application/tools/views.py
> git show :application/tools/forms.py
> git show :application/tools/views.py
> git show :application/tools/forms.py
> git show :application/tools/views.py
> git show :application/tools/forms.py
> git show :application/tools/views.py
> git show :application/tools/forms.py
> git show :application/tools/views.py
> git show :application/tools/forms.py
> git show :application/tools/views.py
> git show :application/tools/forms.py
> git show :application/tools/views.py
> git show :application/tools/forms.py
> git show :application/tools/views.py
> git show :application/tools/forms.py
> git show :application/tools/views.py
> git show :application/tools/forms.py
> git show :application/tools/views.py
> git show :application/tools/forms.py
> git show :application/tools/views.py
> git show :application/tools/forms.py
> git show :application/tools/views.py
> git show :application/tools/forms.py
> git show :application/tools/views.py
> git show :application/tools/forms.py
> git show :application/tools/views.py
> git show :application/tools/forms.py
> git show :application/tools/views.py
> git show :application/tools/forms.py
> git show :application/tools/views.py
> git show :application/tools/forms.py
> git show :application/tools/views.py
> git show :application/tools/forms.py
> git show :application/tools/views.py
> git show :application/tools/forms.py
> git show :application/tools/views.py
> git show :application/tools/forms.py
> git show :application/tools/views.py
> git show :application/tools/forms.py
> git show :application/tools/views.py
> git show :application/tools/forms.py
> git show :application/tools/views.py
> git show :application/tools/forms.py
> git show :application/tools/views.py
> git show :application/tools/forms.py
> git show :application/tools/views.py
> git show :application/tools/forms.py
> git show :application/tools/views.py
> git show :application/tools/forms.py
> git show :application/tools/views.py
> git show :application/tools/forms.py
> git show :application/tools/views.py
> git show :application/tools/forms.py
> git show :application/tools/views.py
> git show :application/tools/forms.py
> git show :application/tools/views.py
> git show :application/tools/forms.py
> git show :application/tools/views.py
> git show :application/tools/forms.py
> git show :application/tools/views.py
> git show :application/tools/forms.py
> git show :application/tools/views.py
> git show :application/tools/forms.py
> git show :application/tools/views.py
> git show :application/tools/forms.py
> git show :application/tools/views.py
> git show :templates/tools/newtoken.html
> git show :application/tools/forms.py
> git show :application/tools/views.py
> git show :application/tools/views.py
> git show :application/tools/forms.py
> git show :templates/tools/newtoken.html
> git show :application/tools/views.py
> git show :application/tools/forms.py
> git show :application/tools/forms.py
> git show :application/tools/models.py
> git show :application/tools/views.py
> git show :application/tools/forms.py
> git show :application/tools/views.py
> git show :application/tools/forms.py
> git show :application/tools/views.py
> git show :application/tools/forms.py
> git show :application/tools/views.py
> git show :application/tools/forms.py
> git show :application/tools/views.py
> git show :application/tools/forms.py
> git show :application/tools/views.py
> git show :application/tools/forms.py
> git show :application/tools/views.py
> git show :application/tools/forms.py
> git show :application/tools/views.py
> git show :application/tools/forms.py
> git show :application/tools/views.py
> git show :application/tools/forms.py
> git show :application/tools/views.py
> git show :application/tools/forms.py
> git show :application/tools/views.py
> git show :application/tools/forms.py
> git show :application/tools/views.py
> git show :application/tools/forms.py
> git show :application/tools/views.py
> git show :templates/tools/newtoken.html
> git show :application/tools/forms.py
> git show :application/tools/views.py
> git show :application/tools/forms.py
> git show :application/tools/views.py
> git show :application/tools/forms.py
> git show :application/tools/views.py
> git show :templates/tools/newtoken.html
> git show :application/tools/forms.py
> git show :application/tools/views.py
> git show :application/tools/forms.py
> git show :application/tools/views.py
> git show :application/tools/forms.py
> git show :application/tools/views.py
> git show :application/tools/forms.py
> git show :application/tools/views.py
> git show :application/tools/views.py
> git show :application/tools/forms.py
> git show :application/tools/views.py
> git show :application/tools/forms.py
> git show :application/tools/forms.py
> git show :application/tools/views.py
> git show :application/tools/views.py
> git show :application/tools/views.py
