Looking for git in: git
Using git 2.17.1 from git
> git rev-parse --show-toplevel
> git rev-parse --git-dir
Open repository: /root/dashboard
> git status -z -u
> git symbolic-ref --short HEAD
> git rev-parse ricktest1
> git rev-parse --symbolic-full-name ricktest1@{u}
fatal: no upstream configured for branch 'ricktest1'
> git for-each-ref --format %(refname) %(objectname) --sort -committerdate
> git remote --verbose
> git config --get commit.template
> git show :diffbot_dashboard/views/custom_api.py
> git check-ignore -v -z --stdin
> git rev-parse --show-toplevel
fatal: not a git repository (or any of the parent directories): .git
> git rev-parse --show-toplevel
fatal: not a git repository (or any of the parent directories): .git
> git rev-parse --show-toplevel
fatal: not a git repository (or any of the parent directories): .git
