[    24.164] (--) Log file renamed from "/home/rick/.local/share/xorg/Xorg.pid-1640.log" to "/home/rick/.local/share/xorg/Xorg.0.log"
[    24.166] 
X.Org X Server 1.20.1
X Protocol Version 11, Revision 0
[    24.167] Build Operating System: Linux 4.4.0-140-generic x86_64 Ubuntu
[    24.167] Current Operating System: Linux slackapptest 4.18.0-22-generic #23~18.04.1-Ubuntu SMP Thu Jun 6 08:37:25 UTC 2019 x86_64
[    24.167] Kernel command line: BOOT_IMAGE=/boot/vmlinuz-4.18.0-22-generic root=UUID=58238486-037b-4875-829c-1b2bd48619d5 ro quiet splash
[    24.167] Build Date: 27 November 2018  05:27:12PM
[    24.167] xorg-server-hwe-18.04 2:1.20.1-3ubuntu2.1~18.04.1 (For technical support please see http://www.ubuntu.com/support) 
[    24.167] Current version of pixman: 0.34.0
[    24.167] 	Before reporting problems, check http://wiki.x.org
	to make sure that you have the latest version.
[    24.167] Markers: (--) probed, (**) from config file, (==) default setting,
	(++) from command line, (!!) notice, (II) informational,
	(WW) warning, (EE) error, (NI) not implemented, (??) unknown.
[    24.167] (==) Log file: "/home/rick/.local/share/xorg/Xorg.0.log", Time: Sat Apr 18 09:41:38 2020
[    24.168] (==) Using system config directory "/usr/share/X11/xorg.conf.d"
[    24.170] (==) No Layout section.  Using the first Screen section.
[    24.170] (==) No screen section available. Using defaults.
[    24.170] (**) |-->Screen "Default Screen Section" (0)
[    24.170] (**) |   |-->Monitor "<default monitor>"
[    24.171] (==) No monitor specified for screen "Default Screen Section".
	Using a default monitor configuration.
[    24.171] (==) Automatically adding devices
[    24.171] (==) Automatically enabling devices
[    24.171] (==) Automatically adding GPU devices
[    24.171] (==) Automatically binding GPU devices
[    24.171] (==) Max clients allowed: 256, resource mask: 0x1fffff
[    24.172] (WW) The directory "/usr/share/fonts/X11/cyrillic" does not exist.
[    24.172] 	Entry deleted from font path.
[    24.172] (WW) The directory "/usr/share/fonts/X11/100dpi/" does not exist.
[    24.172] 	Entry deleted from font path.
[    24.172] (WW) The directory "/usr/share/fonts/X11/75dpi/" does not exist.
[    24.172] 	Entry deleted from font path.
[    24.173] (WW) The directory "/usr/share/fonts/X11/100dpi" does not exist.
[    24.173] 	Entry deleted from font path.
[    24.173] (WW) The directory "/usr/share/fonts/X11/75dpi" does not exist.
[    24.173] 	Entry deleted from font path.
[    24.173] (==) FontPath set to:
	/usr/share/fonts/X11/misc,
	/usr/share/fonts/X11/Type1,
	built-ins
[    24.173] (==) ModulePath set to "/usr/lib/xorg/modules"
[    24.173] (II) The server relies on udev to provide the list of input devices.
	If no devices become available, reconfigure udev or disable AutoAddDevices.
[    24.173] (II) Loader magic: 0x564a101ae020
[    24.173] (II) Module ABI versions:
[    24.173] 	X.Org ANSI C Emulation: 0.4
[    24.173] 	X.Org Video Driver: 24.0
[    24.173] 	X.Org XInput driver : 24.1
[    24.173] 	X.Org Server Extension : 10.0
[    24.173] (++) using VT number 1

[    24.177] (II) systemd-logind: took control of session /org/freedesktop/login1/session/_31
[    24.178] (II) xfree86: Adding drm device (/dev/dri/card0)
[    24.179] (II) systemd-logind: got fd for /dev/dri/card0 226:0 fd 12 paused 0
[    24.181] (--) PCI:*(0@0:2:0) 15ad:0405:15ad:0405 rev 0, Mem @ 0xf0000000/16777216, 0xf1000000/2097152, I/O @ 0x0000d010/16, BIOS @ 0x????????/131072
[    24.181] (II) LoadModule: "glx"
[    24.199] (II) Loading /usr/lib/xorg/modules/extensions/libglx.so
[    24.216] (II) Module glx: vendor="X.Org Foundation"
[    24.216] 	compiled for 1.20.1, module version = 1.0.0
[    24.216] 	ABI class: X.Org Server Extension, version 10.0
[    24.216] (==) Matched vmware as autoconfigured driver 0
[    24.216] (==) Matched modesetting as autoconfigured driver 1
[    24.216] (==) Matched fbdev as autoconfigured driver 2
[    24.216] (==) Matched vesa as autoconfigured driver 3
[    24.216] (==) Assigned the driver to the xf86ConfigLayout
[    24.216] (II) LoadModule: "vmware"
[    24.216] (II) Loading /usr/lib/xorg/modules/drivers/vmware_drv.so
[    24.489] (II) Module vmware: vendor="X.Org Foundation"
[    24.489] 	compiled for 1.20.1, module version = 13.3.0
[    24.489] 	Module class: X.Org Video Driver
[    24.489] 	ABI class: X.Org Video Driver, version 24.0
[    24.489] (II) LoadModule: "modesetting"
[    24.489] (II) Loading /usr/lib/xorg/modules/drivers/modesetting_drv.so
[    24.493] (II) Module modesetting: vendor="X.Org Foundation"
[    24.493] 	compiled for 1.20.1, module version = 1.20.1
[    24.493] 	Module class: X.Org Video Driver
[    24.493] 	ABI class: X.Org Video Driver, version 24.0
[    24.493] (II) LoadModule: "fbdev"
[    24.493] (II) Loading /usr/lib/xorg/modules/drivers/fbdev_drv.so
[    24.494] (II) Module fbdev: vendor="X.Org Foundation"
[    24.494] 	compiled for 1.20.1, module version = 0.5.0
[    24.494] 	Module class: X.Org Video Driver
[    24.494] 	ABI class: X.Org Video Driver, version 24.0
[    24.494] (II) LoadModule: "vesa"
[    24.494] (II) Loading /usr/lib/xorg/modules/drivers/vesa_drv.so
[    24.495] (II) Module vesa: vendor="X.Org Foundation"
[    24.495] 	compiled for 1.20.1, module version = 2.4.0
[    24.495] 	Module class: X.Org Video Driver
[    24.495] 	ABI class: X.Org Video Driver, version 24.0
[    24.495] (II) vmware: driver for VMware SVGA: vmware0405, vmware0710
[    24.495] (II) modesetting: Driver for Modesetting Kernel Drivers: kms
[    24.495] (II) FBDEV: driver for framebuffer: fbdev
[    24.495] (II) VESA: driver for VESA chipsets: vesa
[    24.495] xf86EnableIOPorts: failed to set IOPL for I/O (Operation not permitted)
[    24.495] (WW) Falling back to old probe method for modesetting
[    24.496] (WW) Falling back to old probe method for fbdev
[    24.496] (II) Loading sub module "fbdevhw"
[    24.496] (II) LoadModule: "fbdevhw"
[    24.496] (II) Loading /usr/lib/xorg/modules/libfbdevhw.so
[    24.497] (II) Module fbdevhw: vendor="X.Org Foundation"
[    24.497] 	compiled for 1.20.1, module version = 0.0.2
[    24.497] 	ABI class: X.Org Video Driver, version 24.0
[    24.497] (EE) open /dev/fb0: Permission denied
[    24.497] (WW) VGA arbiter: cannot open kernel arbiter, no multi-card support
[    24.497] (II) vmware(0): Creating default Display subsection in Screen section
	"Default Screen Section" for depth/fbbpp 24/32
[    24.497] (--) vmware(0): DRM driver version is 2.14.1
[    24.497] (==) vmware(0): Depth 24, (--) framebuffer bpp 32
[    24.497] (==) vmware(0): RGB weight 888
[    24.497] (==) vmware(0): Default visual is TrueColor
[    24.497] (--) vmware(0): Min width 1, Max Width 8192.
[    24.497] (--) vmware(0): Min height 1, Max Height 8192.
[    24.497] (II) vmware(0): Output Virtual1 has no monitor section
[    24.497] (II) vmware(0): Output Virtual2 has no monitor section
[    24.497] (II) vmware(0): Output Virtual3 has no monitor section
[    24.497] (II) vmware(0): Output Virtual4 has no monitor section
[    24.497] (II) vmware(0): Output Virtual5 has no monitor section
[    24.497] (II) vmware(0): Output Virtual6 has no monitor section
[    24.497] (II) vmware(0): Output Virtual7 has no monitor section
[    24.497] (II) vmware(0): Output Virtual8 has no monitor section
[    24.498] (II) vmware(0): Printing probed modes for output Virtual1
[    24.498] (II) vmware(0): Modeline "1600x754"x60.0   94.92  1600 1650 1700 1750  754 804 854 904 -hsync +vsync (54.2 kHz eP)
[    24.498] (II) vmware(0): Modeline "2560x1600"x60.0  348.50  2560 2752 3032 3504  1600 1603 1609 1658 -hsync +vsync (99.5 kHz e)
[    24.498] (II) vmware(0): Modeline "1920x1440"x60.0  234.00  1920 2048 2256 2600  1440 1441 1444 1500 -hsync +vsync (90.0 kHz e)
[    24.498] (II) vmware(0): Modeline "1856x1392"x60.0  218.25  1856 1952 2176 2528  1392 1393 1396 1439 -hsync +vsync (86.3 kHz e)
[    24.498] (II) vmware(0): Modeline "1792x1344"x60.0  204.75  1792 1920 2120 2448  1344 1345 1348 1394 -hsync +vsync (83.6 kHz e)
[    24.498] (II) vmware(0): Modeline "1920x1200"x59.9  193.25  1920 2056 2256 2592  1200 1203 1209 1245 -hsync +vsync (74.6 kHz e)
[    24.498] (II) vmware(0): Modeline "1600x1200"x60.0  162.00  1600 1664 1856 2160  1200 1201 1204 1250 +hsync +vsync (75.0 kHz e)
[    24.498] (II) vmware(0): Modeline "1680x1050"x60.0  146.25  1680 1784 1960 2240  1050 1053 1059 1089 -hsync +vsync (65.3 kHz e)
[    24.498] (II) vmware(0): Modeline "1400x1050"x60.0  121.75  1400 1488 1632 1864  1050 1053 1057 1089 -hsync +vsync (65.3 kHz e)
[    24.498] (II) vmware(0): Modeline "1280x1024"x60.0  108.00  1280 1328 1440 1688  1024 1025 1028 1066 +hsync +vsync (64.0 kHz e)
[    24.498] (II) vmware(0): Modeline "1440x900"x59.9  106.50  1440 1520 1672 1904  900 903 909 934 -hsync +vsync (55.9 kHz e)
[    24.498] (II) vmware(0): Modeline "1280x960"x60.0  108.00  1280 1376 1488 1800  960 961 964 1000 +hsync +vsync (60.0 kHz e)
[    24.498] (II) vmware(0): Modeline "1360x768"x60.0   85.50  1360 1424 1536 1792  768 771 777 795 +hsync +vsync (47.7 kHz e)
[    24.498] (II) vmware(0): Modeline "1280x800"x59.8   83.50  1280 1352 1480 1680  800 803 809 831 +hsync -vsync (49.7 kHz e)
[    24.498] (II) vmware(0): Modeline "1152x864"x75.0  108.00  1152 1216 1344 1600  864 865 868 900 +hsync +vsync (67.5 kHz e)
[    24.498] (II) vmware(0): Modeline "1280x768"x59.9   79.50  1280 1344 1472 1664  768 771 778 798 -hsync +vsync (47.8 kHz e)
[    24.498] (II) vmware(0): Modeline "1024x768"x60.0   65.00  1024 1048 1184 1344  768 771 777 806 -hsync -vsync (48.4 kHz e)
[    24.498] (II) vmware(0): Modeline "800x600"x60.3   40.00  800 840 968 1056  600 601 605 628 +hsync +vsync (37.9 kHz e)
[    24.498] (II) vmware(0): Modeline "640x480"x59.9   25.18  640 656 752 800  480 489 492 525 -hsync -vsync (31.5 kHz e)
[    24.498] (II) vmware(0): EDID for output Virtual2
[    24.498] (II) vmware(0): EDID for output Virtual3
[    24.498] (II) vmware(0): EDID for output Virtual4
[    24.498] (II) vmware(0): EDID for output Virtual5
[    24.498] (II) vmware(0): EDID for output Virtual6
[    24.498] (II) vmware(0): EDID for output Virtual7
[    24.498] (II) vmware(0): EDID for output Virtual8
[    24.498] (II) vmware(0): Output Virtual1 connected
[    24.498] (II) vmware(0): Output Virtual2 disconnected
[    24.498] (II) vmware(0): Output Virtual3 disconnected
[    24.498] (II) vmware(0): Output Virtual4 disconnected
[    24.498] (II) vmware(0): Output Virtual5 disconnected
[    24.498] (II) vmware(0): Output Virtual6 disconnected
[    24.498] (II) vmware(0): Output Virtual7 disconnected
[    24.498] (II) vmware(0): Output Virtual8 disconnected
[    24.498] (II) vmware(0): Using exact sizes for initial modes
[    24.498] (II) vmware(0): Output Virtual1 using initial mode 1600x754 +0+0
[    24.498] (==) vmware(0): DPI set to (96, 96)
[    24.498] (==) vmware(0): Using gamma correction (1.0, 1.0, 1.0)
[    24.498] (II) Loading sub module "fb"
[    24.498] (II) LoadModule: "fb"
[    24.498] (II) Loading /usr/lib/xorg/modules/libfb.so
[    24.500] (II) Module fb: vendor="X.Org Foundation"
[    24.500] 	compiled for 1.20.1, module version = 1.0.0
[    24.500] 	ABI class: X.Org ANSI C Emulation, version 0.4
[    24.500] (II) Loading sub module "dri2"
[    24.500] (II) LoadModule: "dri2"
[    24.500] (II) Module "dri2" already built-in
[    24.500] (II) Loading sub module "dri3"
[    24.500] (II) LoadModule: "dri3"
[    24.500] (II) Module "dri3" already built-in
[    24.500] (II) UnloadModule: "modesetting"
[    24.500] (II) Unloading modesetting
[    24.501] (II) UnloadModule: "fbdev"
[    24.501] (II) Unloading fbdev
[    24.501] (II) UnloadSubModule: "fbdevhw"
[    24.501] (II) Unloading fbdevhw
[    24.501] (II) UnloadModule: "vesa"
[    24.501] (II) Unloading vesa
[    24.503] (II) vmware(0): Initialized VMWARE_CTRL extension version 0.2
[    24.508] (WW) vmware(0): Failed to initialize Gallium3D Xa. No render acceleration available.
[    24.509] (WW) vmware(0): Skipped initialization of direct rendering due to lack of render acceleration.
[    24.509] (--) vmware(0): Render acceleration is disabled.
[    24.509] (==) vmware(0): Rendercheck mode is disabled.
[    24.509] (--) vmware(0): Direct rendering (DRI2 3D) is disabled.
[    24.588] (--) vmware(0): Direct rendering (DRI3 3D) is disabled.
[    24.588] (==) vmware(0): Backing store enabled
[    24.588] (==) vmware(0): Silken mouse enabled
[    24.590] (==) vmware(0): DPMS enabled
[    24.590] (II) vmware(0): No 3D acceleration. Not setting up textured video.
[    24.590] (WW) vmware(0): Disabling Xv because no adaptors could be initialized.
[    24.590] (II) Initializing extension Generic Event Extension
[    24.591] (II) Initializing extension SHAPE
[    24.591] (II) Initializing extension MIT-SHM
[    24.591] (II) Initializing extension XInputExtension
[    24.592] (II) Initializing extension XTEST
[    24.592] (II) Initializing extension BIG-REQUESTS
[    24.592] (II) Initializing extension SYNC
[    24.592] (II) Initializing extension XKEYBOARD
[    24.592] (II) Initializing extension XC-MISC
[    24.593] (II) Initializing extension SECURITY
[    24.593] (II) Initializing extension XFIXES
[    24.593] (II) Initializing extension RENDER
[    24.593] (II) Initializing extension RANDR
[    24.593] (II) Initializing extension COMPOSITE
[    24.593] (II) Initializing extension DAMAGE
[    24.593] (II) Initializing extension MIT-SCREEN-SAVER
[    24.593] (II) Initializing extension DOUBLE-BUFFER
[    24.594] (II) Initializing extension RECORD
[    24.594] (II) Initializing extension DPMS
[    24.594] (II) Initializing extension Present
[    24.594] (II) Initializing extension DRI3
[    24.594] (II) Initializing extension X-Resource
[    24.594] (II) Initializing extension XVideo
[    24.594] (II) Initializing extension XVideo-MotionCompensation
[    24.594] (II) Initializing extension SELinux
[    24.594] (II) SELinux: Disabled on system
[    24.594] (II) Initializing extension GLX
[    24.594] (II) AIGLX: Screen 0 is not DRI2 capable
[    24.669] (II) IGLX: Loaded and initialized swrast
[    24.669] (II) GLX: Initialized DRISWRAST GL provider for screen 0
[    24.669] (II) Initializing extension XFree86-VidModeExtension
[    24.670] (II) Initializing extension XFree86-DGA
[    24.670] (II) Initializing extension XFree86-DRI
[    24.670] (II) Initializing extension DRI2
[    24.684] (II) vmware(0): Setting screen physical size to 423 x 199
[    24.804] (II) config/udev: Adding input device Power Button (/dev/input/event0)
[    24.804] (**) Power Button: Applying InputClass "libinput keyboard catchall"
[    24.804] (II) LoadModule: "libinput"
[    24.804] (II) Loading /usr/lib/xorg/modules/input/libinput_drv.so
[    24.811] (II) Module libinput: vendor="X.Org Foundation"
[    24.811] 	compiled for 1.20.1, module version = 0.28.1
[    24.811] 	Module class: X.Org XInput Driver
[    24.811] 	ABI class: X.Org XInput driver, version 24.1
[    24.811] (II) Using input driver 'libinput' for 'Power Button'
[    24.813] (II) systemd-logind: got fd for /dev/input/event0 13:64 fd 20 paused 0
[    24.813] (**) Power Button: always reports core events
[    24.813] (**) Option "Device" "/dev/input/event0"
[    24.813] (**) Option "_source" "server/udev"
[    24.814] (II) event0  - Power Button: is tagged by udev as: Keyboard
[    24.814] (II) event0  - Power Button: device is a keyboard
[    24.814] (II) event0  - Power Button: device removed
[    24.814] (**) Option "config_info" "udev:/sys/devices/LNXSYSTM:00/LNXPWRBN:00/input/input0/event0"
[    24.814] (II) XINPUT: Adding extended input device "Power Button" (type: KEYBOARD, id 6)
[    24.814] (**) Option "xkb_model" "pc105"
[    24.814] (**) Option "xkb_layout" "us"
[    24.814] (II) event0  - Power Button: is tagged by udev as: Keyboard
[    24.814] (II) event0  - Power Button: device is a keyboard
[    24.815] (II) config/udev: Adding input device Sleep Button (/dev/input/event1)
[    24.815] (**) Sleep Button: Applying InputClass "libinput keyboard catchall"
[    24.815] (II) Using input driver 'libinput' for 'Sleep Button'
[    24.818] (II) systemd-logind: got fd for /dev/input/event1 13:65 fd 23 paused 0
[    24.818] (**) Sleep Button: always reports core events
[    24.818] (**) Option "Device" "/dev/input/event1"
[    24.818] (**) Option "_source" "server/udev"
[    24.819] (II) event1  - Sleep Button: is tagged by udev as: Keyboard
[    24.819] (II) event1  - Sleep Button: device is a keyboard
[    24.819] (II) event1  - Sleep Button: device removed
[    24.819] (**) Option "config_info" "udev:/sys/devices/LNXSYSTM:00/LNXSLPBN:00/input/input1/event1"
[    24.819] (II) XINPUT: Adding extended input device "Sleep Button" (type: KEYBOARD, id 7)
[    24.819] (**) Option "xkb_model" "pc105"
[    24.819] (**) Option "xkb_layout" "us"
[    24.819] (II) event1  - Sleep Button: is tagged by udev as: Keyboard
[    24.819] (II) event1  - Sleep Button: device is a keyboard
[    24.820] (II) config/udev: Adding input device Video Bus (/dev/input/event3)
[    24.820] (**) Video Bus: Applying InputClass "libinput keyboard catchall"
[    24.820] (II) Using input driver 'libinput' for 'Video Bus'
[    24.824] (II) systemd-logind: got fd for /dev/input/event3 13:67 fd 24 paused 0
[    24.824] (**) Video Bus: always reports core events
[    24.824] (**) Option "Device" "/dev/input/event3"
[    24.824] (**) Option "_source" "server/udev"
[    24.824] (II) event3  - Video Bus: is tagged by udev as: Keyboard
[    24.824] (II) event3  - Video Bus: device is a keyboard
[    24.824] (II) event3  - Video Bus: device removed
[    24.824] (**) Option "config_info" "udev:/sys/devices/LNXSYSTM:00/LNXSYBUS:00/PNP0A03:00/LNXVIDEO:00/input/input4/event3"
[    24.824] (II) XINPUT: Adding extended input device "Video Bus" (type: KEYBOARD, id 8)
[    24.825] (**) Option "xkb_model" "pc105"
[    24.825] (**) Option "xkb_layout" "us"
[    24.825] (II) event3  - Video Bus: is tagged by udev as: Keyboard
[    24.825] (II) event3  - Video Bus: device is a keyboard
[    24.826] (II) config/udev: Adding input device VirtualBox mouse integration (/dev/input/event6)
[    24.826] (**) VirtualBox mouse integration: Applying InputClass "libinput pointer catchall"
[    24.826] (II) Using input driver 'libinput' for 'VirtualBox mouse integration'
[    24.829] (II) systemd-logind: got fd for /dev/input/event6 13:70 fd 25 paused 0
[    24.829] (**) VirtualBox mouse integration: always reports core events
[    24.829] (**) Option "Device" "/dev/input/event6"
[    24.829] (**) Option "_source" "server/udev"
[    24.900] (II) event6  - VirtualBox mouse integration: is tagged by udev as: Mouse
[    24.900] (II) event6  - VirtualBox mouse integration: device is a pointer
[    24.900] (II) event6  - VirtualBox mouse integration: device removed
[    24.900] (**) Option "config_info" "udev:/sys/devices/pci0000:00/0000:00:04.0/input/input7/event6"
[    24.900] (II) XINPUT: Adding extended input device "VirtualBox mouse integration" (type: MOUSE, id 9)
[    24.900] (**) Option "AccelerationScheme" "none"
[    24.900] (**) VirtualBox mouse integration: (accel) selected scheme none/0
[    24.900] (**) VirtualBox mouse integration: (accel) acceleration factor: 2.000
[    24.900] (**) VirtualBox mouse integration: (accel) acceleration threshold: 4
[    24.901] (II) event6  - VirtualBox mouse integration: is tagged by udev as: Mouse
[    24.901] (II) event6  - VirtualBox mouse integration: device is a pointer
[    24.901] (II) config/udev: Adding input device VirtualBox mouse integration (/dev/input/js1)
[    24.901] (II) No input driver specified, ignoring this device.
[    24.901] (II) This device may have been added with another device file.
[    24.902] (II) config/udev: Adding input device VirtualBox USB Tablet (/dev/input/event5)
[    24.902] (**) VirtualBox USB Tablet: Applying InputClass "libinput pointer catchall"
[    24.902] (II) Using input driver 'libinput' for 'VirtualBox USB Tablet'
[    24.964] (II) systemd-logind: got fd for /dev/input/event5 13:69 fd 26 paused 0
[    24.964] (**) VirtualBox USB Tablet: always reports core events
[    24.964] (**) Option "Device" "/dev/input/event5"
[    24.964] (**) Option "_source" "server/udev"
[    24.965] (II) event5  - VirtualBox USB Tablet: is tagged by udev as: Mouse
[    24.965] (II) event5  - VirtualBox USB Tablet: device is a pointer
[    24.965] (II) event5  - VirtualBox USB Tablet: device removed
[    24.965] (**) Option "config_info" "udev:/sys/devices/pci0000:00/0000:00:06.0/usb2/2-1/2-1:1.0/0003:80EE:0021.0001/input/input6/event5"
[    24.965] (II) XINPUT: Adding extended input device "VirtualBox USB Tablet" (type: MOUSE, id 10)
[    24.965] (**) Option "AccelerationScheme" "none"
[    24.965] (**) VirtualBox USB Tablet: (accel) selected scheme none/0
[    24.965] (**) VirtualBox USB Tablet: (accel) acceleration factor: 2.000
[    24.965] (**) VirtualBox USB Tablet: (accel) acceleration threshold: 4
[    24.966] (II) event5  - VirtualBox USB Tablet: is tagged by udev as: Mouse
[    24.966] (II) event5  - VirtualBox USB Tablet: device is a pointer
[    24.966] (II) config/udev: Adding input device VirtualBox USB Tablet (/dev/input/js0)
[    24.966] (II) No input driver specified, ignoring this device.
[    24.966] (II) This device may have been added with another device file.
[    24.967] (II) config/udev: Adding input device VirtualBox USB Tablet (/dev/input/mouse1)
[    24.967] (II) No input driver specified, ignoring this device.
[    24.967] (II) This device may have been added with another device file.
[    24.967] (II) config/udev: Adding input device AT Translated Set 2 keyboard (/dev/input/event2)
[    24.968] (**) AT Translated Set 2 keyboard: Applying InputClass "libinput keyboard catchall"
[    24.968] (II) Using input driver 'libinput' for 'AT Translated Set 2 keyboard'
[    24.972] (II) systemd-logind: got fd for /dev/input/event2 13:66 fd 27 paused 0
[    24.972] (**) AT Translated Set 2 keyboard: always reports core events
[    24.972] (**) Option "Device" "/dev/input/event2"
[    24.972] (**) Option "_source" "server/udev"
[    24.972] (II) event2  - AT Translated Set 2 keyboard: is tagged by udev as: Keyboard
[    24.972] (II) event2  - AT Translated Set 2 keyboard: device is a keyboard
[    24.973] (II) event2  - AT Translated Set 2 keyboard: device removed
[    24.973] (**) Option "config_info" "udev:/sys/devices/platform/i8042/serio0/input/input2/event2"
[    24.973] (II) XINPUT: Adding extended input device "AT Translated Set 2 keyboard" (type: KEYBOARD, id 11)
[    24.973] (**) Option "xkb_model" "pc105"
[    24.973] (**) Option "xkb_layout" "us"
[    24.973] (II) event2  - AT Translated Set 2 keyboard: is tagged by udev as: Keyboard
[    24.973] (II) event2  - AT Translated Set 2 keyboard: device is a keyboard
[    24.974] (II) config/udev: Adding input device ImExPS/2 Generic Explorer Mouse (/dev/input/event4)
[    24.974] (**) ImExPS/2 Generic Explorer Mouse: Applying InputClass "libinput pointer catchall"
[    24.974] (II) Using input driver 'libinput' for 'ImExPS/2 Generic Explorer Mouse'
[    24.977] (II) systemd-logind: got fd for /dev/input/event4 13:68 fd 28 paused 0
[    24.977] (**) ImExPS/2 Generic Explorer Mouse: always reports core events
[    24.977] (**) Option "Device" "/dev/input/event4"
[    24.977] (**) Option "_source" "server/udev"
[    24.978] (II) event4  - ImExPS/2 Generic Explorer Mouse: is tagged by udev as: Mouse
[    24.978] (II) event4  - ImExPS/2 Generic Explorer Mouse: device is a pointer
[    24.978] (II) event4  - ImExPS/2 Generic Explorer Mouse: device removed
[    24.978] (**) Option "config_info" "udev:/sys/devices/platform/i8042/serio1/input/input5/event4"
[    24.978] (II) XINPUT: Adding extended input device "ImExPS/2 Generic Explorer Mouse" (type: MOUSE, id 12)
[    24.978] (**) Option "AccelerationScheme" "none"
[    24.978] (**) ImExPS/2 Generic Explorer Mouse: (accel) selected scheme none/0
[    24.978] (**) ImExPS/2 Generic Explorer Mouse: (accel) acceleration factor: 2.000
[    24.978] (**) ImExPS/2 Generic Explorer Mouse: (accel) acceleration threshold: 4
[    24.978] (II) event4  - ImExPS/2 Generic Explorer Mouse: is tagged by udev as: Mouse
[    24.978] (II) event4  - ImExPS/2 Generic Explorer Mouse: device is a pointer
[    24.979] (II) config/udev: Adding input device ImExPS/2 Generic Explorer Mouse (/dev/input/mouse0)
[    24.979] (II) No input driver specified, ignoring this device.
[    24.979] (II) This device may have been added with another device file.
[  4002.036] (II) config/udev: removing device VirtualBox USB Tablet
[  4002.038] (**) Option "fd" "26"
[  4002.038] (II) event5  - VirtualBox USB Tablet: device removed
[  4002.047] (II) UnloadModule: "libinput"
[  4002.047] (II) systemd-logind: releasing fd for 13:69
[  5525.226] (II) event6  - VirtualBox mouse integration: SYN_DROPPED event - some input events have been lost.
