0 info it worked if it ends with ok
1 verbose cli [ '/usr/bin/node', '/usr/bin/npm', 'run', 'webpack-dev.watch' ]
2 info using npm@6.13.4
3 info using node@v10.18.1
4 verbose run-script [ 'prewebpack-dev.watch',
4 verbose run-script   'webpack-dev.watch',
4 verbose run-script   'postwebpack-dev.watch' ]
5 info lifecycle difbot-dashboard@0.0.1~prewebpack-dev.watch: difbot-dashboard@0.0.1
6 info lifecycle difbot-dashboard@0.0.1~webpack-dev.watch: difbot-dashboard@0.0.1
7 verbose lifecycle difbot-dashboard@0.0.1~webpack-dev.watch: unsafe-perm in lifecycle true
8 verbose lifecycle difbot-dashboard@0.0.1~webpack-dev.watch: PATH: /usr/lib/node_modules/npm/node_modules/npm-lifecycle/node-gyp-bin:/root/dashboard/node_modules/.bin:/usr/local/sbin:/usr/local/bin:/usr/sbin:/usr/bin:/sbin:/bin:/snap/bin
9 verbose lifecycle difbot-dashboard@0.0.1~webpack-dev.watch: CWD: /root/dashboard
10 silly lifecycle difbot-dashboard@0.0.1~webpack-dev.watch: Args: [ '-c',
10 silly lifecycle   'webpack --watch --mode=development --devtool=source-map' ]
11 silly lifecycle difbot-dashboard@0.0.1~webpack-dev.watch: Returned: code: 1  signal: null
12 info lifecycle difbot-dashboard@0.0.1~webpack-dev.watch: Failed to exec webpack-dev.watch script
13 verbose stack Error: difbot-dashboard@0.0.1 webpack-dev.watch: `webpack --watch --mode=development --devtool=source-map`
13 verbose stack Exit status 1
13 verbose stack     at EventEmitter.<anonymous> (/usr/lib/node_modules/npm/node_modules/npm-lifecycle/index.js:332:16)
13 verbose stack     at EventEmitter.emit (events.js:198:13)
13 verbose stack     at ChildProcess.<anonymous> (/usr/lib/node_modules/npm/node_modules/npm-lifecycle/lib/spawn.js:55:14)
13 verbose stack     at ChildProcess.emit (events.js:198:13)
13 verbose stack     at maybeClose (internal/child_process.js:982:16)
13 verbose stack     at Process.ChildProcess._handle.onexit (internal/child_process.js:259:5)
14 verbose pkgid difbot-dashboard@0.0.1
15 verbose cwd /root/dashboard/node_modules
16 verbose Linux 4.18.0-22-generic
17 verbose argv "/usr/bin/node" "/usr/bin/npm" "run" "webpack-dev.watch"
18 verbose node v10.18.1
19 verbose npm  v6.13.4
20 error code ELIFECYCLE
21 error errno 1
22 error difbot-dashboard@0.0.1 webpack-dev.watch: `webpack --watch --mode=development --devtool=source-map`
22 error Exit status 1
23 error Failed at the difbot-dashboard@0.0.1 webpack-dev.watch script.
23 error This is probably not a problem with npm. There is likely additional logging output above.
24 verbose exit [ 1, true ]
